2014/04/15 13:48:31 INFO  - jmeter.util.JMeterUtils: Setting Locale to en_US 
2014/04/15 13:48:32 INFO  - jmeter.JMeter: Loading user properties from: /usr/local/Cellar/jmeter/2.10/libexec/bin/user.properties 
2014/04/15 13:48:32 INFO  - jmeter.JMeter: Loading system properties from: /usr/local/Cellar/jmeter/2.10/libexec/bin/system.properties 
2014/04/15 13:48:32 INFO  - jmeter.JMeter: Copyright (c) 1998-2013 The Apache Software Foundation 
2014/04/15 13:48:32 INFO  - jmeter.JMeter: Version 2.10 r1533061 
2014/04/15 13:48:32 INFO  - jmeter.JMeter: java.version=1.6.0_65 
2014/04/15 13:48:32 INFO  - jmeter.JMeter: java.vm.name=Java HotSpot(TM) 64-Bit Server VM 
2014/04/15 13:48:32 INFO  - jmeter.JMeter: os.name=Mac OS X 
2014/04/15 13:48:32 INFO  - jmeter.JMeter: os.arch=x86_64 
2014/04/15 13:48:32 INFO  - jmeter.JMeter: os.version=10.8.5 
2014/04/15 13:48:32 INFO  - jmeter.JMeter: file.encoding=MacRoman 
2014/04/15 13:48:32 INFO  - jmeter.JMeter: Default Locale=English (United States) 
2014/04/15 13:48:32 INFO  - jmeter.JMeter: JMeter  Locale=English (United States) 
2014/04/15 13:48:32 INFO  - jmeter.JMeter: JMeterHome=/usr/local/Cellar/jmeter/2.10/libexec 
2014/04/15 13:48:32 INFO  - jmeter.JMeter: user.dir  =/Users/starls01/Desktop/Distributed/eventual-consistency 
2014/04/15 13:48:32 INFO  - jmeter.JMeter: PWD       =/Users/starls01/Desktop/Distributed/eventual-consistency 
2014/04/15 13:48:32 INFO  - jmeter.JMeter: IP: 10.184.192.162 Name: mc-s083333.local FullName: mc-s083333.national.core.bbc.co.uk 
2014/04/15 13:48:32 INFO  - jmeter.JMeter: Loaded icon properties from org/apache/jmeter/images/icon.properties 
2014/04/15 13:48:33 INFO  - jmeter.engine.util.CompoundVariable: Note: Function class names must contain the string: '.functions.' 
2014/04/15 13:48:33 INFO  - jmeter.engine.util.CompoundVariable: Note: Function class names must not contain the string: '.gui.' 
2014/04/15 13:48:33 INFO  - jmeter.gui.action.LookAndFeelCommand: Using look and feel: com.apple.laf.AquaLookAndFeel [Mac OS X, System] 
2014/04/15 13:48:33 INFO  - jmeter.util.BSFTestElement: Registering JMeter version of JavaScript engine as work-round for BSF-22 
2014/04/15 13:48:33 INFO  - jmeter.protocol.http.sampler.HTTPSamplerBase: Cannot find .className property for htmlParser, using default 
2014/04/15 13:48:33 INFO  - jmeter.protocol.http.sampler.HTTPSamplerBase: Parser for text/html is  
2014/04/15 13:48:33 INFO  - jmeter.protocol.http.sampler.HTTPSamplerBase: Parser for application/xhtml+xml is  
2014/04/15 13:48:33 INFO  - jmeter.protocol.http.sampler.HTTPSamplerBase: Parser for application/xml is  
2014/04/15 13:48:33 INFO  - jmeter.protocol.http.sampler.HTTPSamplerBase: Parser for text/xml is  
2014/04/15 13:48:33 INFO  - jmeter.protocol.http.sampler.HTTPSamplerBase: Parser for text/vnd.wap.wml is org.apache.jmeter.protocol.http.parser.RegexpHTMLParser 
2014/04/15 13:48:33 INFO  - jmeter.gui.util.MenuFactory: Skipping org.apache.jmeter.protocol.http.control.gui.WebServiceSamplerGui 
2014/04/15 13:48:33 INFO  - jmeter.gui.util.MenuFactory: Skipping org.apache.jmeter.protocol.http.modifier.gui.ParamModifierGui 
2014/04/15 13:48:33 WARN  - jmeter.protocol.http.proxy.ProxyControl: HTTP(S) Test Script Recorder SSL Proxy will use keys that may not work for embedded resources in file /usr/local/Cellar/jmeter/2.10/libexec/bin/proxyserver.jks 
2014/04/15 13:48:34 INFO  - jmeter.samplers.SampleResult: Note: Sample TimeStamps are START times 
2014/04/15 13:48:34 INFO  - jmeter.samplers.SampleResult: sampleresult.default.encoding is set to ISO-8859-1 
2014/04/15 13:48:34 INFO  - jmeter.samplers.SampleResult: sampleresult.useNanoTime=true 
2014/04/15 13:48:34 INFO  - jmeter.samplers.SampleResult: sampleresult.nanoThreadSleep=5000 
2014/04/15 13:49:09 INFO  - jmeter.services.FileServer: Default base='/Users/starls01/Desktop/Distributed/eventual-consistency' 
2014/04/15 13:49:09 INFO  - jmeter.services.FileServer: Set new base='/Users/starls01/Desktop' 
2014/04/15 13:49:10 INFO  - jmeter.save.SaveService: Testplan (JMX) version: 2.2. Testlog (JTL) version: 2.2 
2014/04/15 13:49:10 INFO  - jmeter.save.SaveService: Using SaveService properties file encoding UTF-8 
2014/04/15 13:49:10 INFO  - jmeter.save.SaveService: Using SaveService properties version 2.5 
2014/04/15 13:49:10 INFO  - jmeter.save.SaveService: Using SaveService properties file version 1519088 
2014/04/15 13:49:10 INFO  - jmeter.save.SaveService: All converter versions present and correct 
2014/04/15 13:49:10 INFO  - jmeter.engine.StandardJMeterEngine: Listeners will be started after enabling running version 
2014/04/15 13:49:10 INFO  - jmeter.engine.StandardJMeterEngine: To revert to the earlier behaviour, define jmeterengine.startlistenerslater=false 
2014/04/15 13:49:10 INFO  - jmeter.engine.StandardJMeterEngine: Running the test! 
2014/04/15 13:49:10 INFO  - jmeter.samplers.SampleEvent: List of sample_variables: [] 
2014/04/15 13:49:10 INFO  - jmeter.samplers.SampleEvent: List of sample_variables: [] 
2014/04/15 13:49:10 INFO  - jmeter.gui.util.JMeterMenuBar: setRunning(true,*local*) 
2014/04/15 13:49:10 INFO  - jmeter.engine.StandardJMeterEngine: Starting ThreadGroup: 1 : Thread Group 
2014/04/15 13:49:10 INFO  - jmeter.engine.StandardJMeterEngine: Starting 1 threads for group Thread Group. 
2014/04/15 13:49:10 INFO  - jmeter.engine.StandardJMeterEngine: Thread will continue on error 
2014/04/15 13:49:10 INFO  - jmeter.threads.ThreadGroup: Starting thread group number 1 threads 1 ramp-up 1 perThread 1000.0 delayedStart=false 
2014/04/15 13:49:10 INFO  - jmeter.threads.JMeterThread: jmeterthread.startearlier=true (see jmeter.properties) 
2014/04/15 13:49:10 INFO  - jmeter.threads.JMeterThread: Running PostProcessors in forward order 
2014/04/15 13:49:10 INFO  - jmeter.threads.ThreadGroup: Started thread group number 1 
2014/04/15 13:49:10 INFO  - jmeter.engine.StandardJMeterEngine: All thread groups have been started 
2014/04/15 13:49:10 INFO  - jmeter.threads.JMeterThread: Thread started: Thread Group 1-1 
2014/04/15 13:49:10 INFO  - jmeter.protocol.http.sampler.HTTPHCAbstractImpl: Local host = mc-s083333.local 
2014/04/15 13:49:10 INFO  - jmeter.protocol.http.sampler.HTTPHC4Impl: HTTP request retry count = 0 
2014/04/15 13:49:10 INFO  - jmeter.protocol.http.sampler.HTTPHC4Impl: Setting up HTTPS TrustAll scheme 
2014/04/15 13:49:10 INFO  - jmeter.util.JsseSSLManager: Using default SSL protocol: SSLv3 
2014/04/15 13:49:10 INFO  - jmeter.util.JsseSSLManager: SSL session context: per-thread 
2014/04/15 13:49:10 INFO  - jmeter.threads.JMeterThread: Thread finished: Thread Group 1-1 
2014/04/15 13:49:10 INFO  - jmeter.engine.StandardJMeterEngine: Notifying test listeners of end of test 
2014/04/15 13:49:10 INFO  - jmeter.gui.util.JMeterMenuBar: setRunning(false,*local*) 
2014/04/15 13:49:27 INFO  - jmeter.engine.StandardJMeterEngine: Running the test! 
2014/04/15 13:49:27 INFO  - jmeter.samplers.SampleEvent: List of sample_variables: [] 
2014/04/15 13:49:27 INFO  - jmeter.gui.util.JMeterMenuBar: setRunning(true,*local*) 
2014/04/15 13:49:27 INFO  - jmeter.engine.StandardJMeterEngine: Starting ThreadGroup: 1 : Thread Group 
2014/04/15 13:49:27 INFO  - jmeter.engine.StandardJMeterEngine: Starting 1 threads for group Thread Group. 
2014/04/15 13:49:27 INFO  - jmeter.engine.StandardJMeterEngine: Thread will continue on error 
2014/04/15 13:49:27 INFO  - jmeter.threads.ThreadGroup: Starting thread group number 1 threads 1 ramp-up 1 perThread 1000.0 delayedStart=false 
2014/04/15 13:49:27 INFO  - jmeter.threads.ThreadGroup: Started thread group number 1 
2014/04/15 13:49:27 INFO  - jmeter.engine.StandardJMeterEngine: All thread groups have been started 
2014/04/15 13:49:27 INFO  - jmeter.threads.JMeterThread: Thread started: Thread Group 1-1 
2014/04/15 13:49:28 INFO  - jmeter.gui.action.Start: Stopping test 
2014/04/15 13:49:28 INFO  - jmeter.threads.JMeterThread: Stopping: Thread Group 1-1 
2014/04/15 13:49:28 WARN  - jmeter.threads.JMeterThread: Interrupting: Thread Group 1-1 sampler: HTTP Request 
2014/04/15 13:49:28 WARN  - jmeter.util.JMeterUtils: Interrupted in thread Thread Group 1-1 java.lang.InterruptedException
	at java.lang.Object.wait(Native Method)
	at java.lang.Object.wait(Object.java:485)
	at java.awt.EventQueue.invokeAndWait(EventQueue.java:1121)
	at java.awt.EventQueue.invokeAndWait(EventQueue.java:1103)
	at javax.swing.SwingUtilities.invokeAndWait(SwingUtilities.java:1326)
	at org.apache.jmeter.util.JMeterUtils.runSafe(JMeterUtils.java:1296)
	at org.apache.jmeter.visualizers.TableVisualizer.add(TableVisualizer.java:163)
	at org.apache.jmeter.reporters.ResultCollector.sendToVisualizer(ResultCollector.java:553)
	at org.apache.jmeter.reporters.ResultCollector.sampleOccurred(ResultCollector.java:529)
	at org.apache.jmeter.threads.ListenerNotifier.notifyListeners(ListenerNotifier.java:84)
	at org.apache.jmeter.threads.JMeterThread.notifyListeners(JMeterThread.java:783)
	at org.apache.jmeter.threads.JMeterThread.process_sampler(JMeterThread.java:443)
	at org.apache.jmeter.threads.JMeterThread.run(JMeterThread.java:257)
	at java.lang.Thread.run(Thread.java:695)

2014/04/15 13:49:28 INFO  - jmeter.threads.JMeterThread: Thread finished: Thread Group 1-1 
2014/04/15 13:49:28 INFO  - jmeter.engine.StandardJMeterEngine: Notifying test listeners of end of test 
2014/04/15 13:49:28 INFO  - jmeter.gui.util.JMeterMenuBar: setRunning(false,*local*) 
2014/04/15 13:49:38 INFO  - jmeter.engine.StandardJMeterEngine: Running the test! 
2014/04/15 13:49:38 INFO  - jmeter.samplers.SampleEvent: List of sample_variables: [] 
2014/04/15 13:49:38 INFO  - jmeter.gui.util.JMeterMenuBar: setRunning(true,*local*) 
2014/04/15 13:49:38 INFO  - jmeter.engine.StandardJMeterEngine: Starting ThreadGroup: 1 : Thread Group 
2014/04/15 13:49:38 INFO  - jmeter.engine.StandardJMeterEngine: Starting 1 threads for group Thread Group. 
2014/04/15 13:49:38 INFO  - jmeter.engine.StandardJMeterEngine: Thread will continue on error 
2014/04/15 13:49:38 INFO  - jmeter.threads.ThreadGroup: Starting thread group number 1 threads 1 ramp-up 1 perThread 1000.0 delayedStart=false 
2014/04/15 13:49:38 INFO  - jmeter.threads.ThreadGroup: Started thread group number 1 
2014/04/15 13:49:38 INFO  - jmeter.engine.StandardJMeterEngine: All thread groups have been started 
2014/04/15 13:49:38 INFO  - jmeter.threads.JMeterThread: Thread started: Thread Group 1-1 
2014/04/15 13:49:40 INFO  - jmeter.gui.action.Start: Stopping test 
2014/04/15 13:49:40 INFO  - jmeter.threads.JMeterThread: Stopping: Thread Group 1-1 
2014/04/15 13:49:40 WARN  - jmeter.threads.JMeterThread: Interrupting: Thread Group 1-1 sampler: HTTP Request 
2014/04/15 13:49:40 WARN  - jmeter.util.JMeterUtils: Interrupted in thread Thread Group 1-1 java.lang.InterruptedException
	at java.lang.Object.wait(Native Method)
	at java.lang.Object.wait(Object.java:485)
	at java.awt.EventQueue.invokeAndWait(EventQueue.java:1121)
	at java.awt.EventQueue.invokeAndWait(EventQueue.java:1103)
	at javax.swing.SwingUtilities.invokeAndWait(SwingUtilities.java:1326)
	at org.apache.jmeter.util.JMeterUtils.runSafe(JMeterUtils.java:1296)
	at org.apache.jmeter.visualizers.TableVisualizer.add(TableVisualizer.java:163)
	at org.apache.jmeter.reporters.ResultCollector.sendToVisualizer(ResultCollector.java:553)
	at org.apache.jmeter.reporters.ResultCollector.sampleOccurred(ResultCollector.java:529)
	at org.apache.jmeter.threads.ListenerNotifier.notifyListeners(ListenerNotifier.java:84)
	at org.apache.jmeter.threads.JMeterThread.notifyListeners(JMeterThread.java:783)
	at org.apache.jmeter.threads.JMeterThread.process_sampler(JMeterThread.java:443)
	at org.apache.jmeter.threads.JMeterThread.run(JMeterThread.java:257)
	at java.lang.Thread.run(Thread.java:695)

2014/04/15 13:49:40 INFO  - jmeter.threads.JMeterThread: Thread finished: Thread Group 1-1 
2014/04/15 13:49:40 INFO  - jmeter.engine.StandardJMeterEngine: Notifying test listeners of end of test 
2014/04/15 13:49:40 INFO  - jmeter.gui.util.JMeterMenuBar: setRunning(false,*local*) 
2014/04/15 13:50:11 INFO  - jmeter.engine.StandardJMeterEngine: Running the test! 
2014/04/15 13:50:11 INFO  - jmeter.samplers.SampleEvent: List of sample_variables: [] 
2014/04/15 13:50:11 INFO  - jmeter.gui.util.JMeterMenuBar: setRunning(true,*local*) 
2014/04/15 13:50:12 INFO  - jmeter.engine.StandardJMeterEngine: Starting ThreadGroup: 1 : Thread Group 
2014/04/15 13:50:12 INFO  - jmeter.engine.StandardJMeterEngine: Starting 1 threads for group Thread Group. 
2014/04/15 13:50:12 INFO  - jmeter.engine.StandardJMeterEngine: Thread will continue on error 
2014/04/15 13:50:12 INFO  - jmeter.threads.ThreadGroup: Starting thread group number 1 threads 1 ramp-up 1 perThread 1000.0 delayedStart=false 
2014/04/15 13:50:12 INFO  - jmeter.threads.ThreadGroup: Started thread group number 1 
2014/04/15 13:50:12 INFO  - jmeter.engine.StandardJMeterEngine: All thread groups have been started 
2014/04/15 13:50:12 INFO  - jmeter.threads.JMeterThread: Thread started: Thread Group 1-1 
2014/04/15 13:50:15 INFO  - jmeter.gui.action.Start: Stopping test 
2014/04/15 13:50:15 INFO  - jmeter.threads.JMeterThread: Stopping: Thread Group 1-1 
2014/04/15 13:50:15 WARN  - jmeter.util.JMeterUtils: Interrupted in thread Thread Group 1-1 java.lang.InterruptedException
	at java.lang.Object.wait(Native Method)
	at java.lang.Object.wait(Object.java:485)
	at java.awt.EventQueue.invokeAndWait(EventQueue.java:1121)
	at java.awt.EventQueue.invokeAndWait(EventQueue.java:1103)
	at javax.swing.SwingUtilities.invokeAndWait(SwingUtilities.java:1326)
	at org.apache.jmeter.util.JMeterUtils.runSafe(JMeterUtils.java:1296)
	at org.apache.jmeter.visualizers.ViewResultsFullVisualizer.add(ViewResultsFullVisualizer.java:128)
	at org.apache.jmeter.reporters.ResultCollector.sendToVisualizer(ResultCollector.java:553)
	at org.apache.jmeter.reporters.ResultCollector.sampleOccurred(ResultCollector.java:529)
	at org.apache.jmeter.threads.ListenerNotifier.notifyListeners(ListenerNotifier.java:84)
	at org.apache.jmeter.threads.JMeterThread.notifyListeners(JMeterThread.java:783)
	at org.apache.jmeter.threads.JMeterThread.process_sampler(JMeterThread.java:443)
	at org.apache.jmeter.threads.JMeterThread.run(JMeterThread.java:257)
	at java.lang.Thread.run(Thread.java:695)

2014/04/15 13:50:15 INFO  - jmeter.threads.JMeterThread: Thread finished: Thread Group 1-1 
2014/04/15 13:50:15 INFO  - jmeter.engine.StandardJMeterEngine: Notifying test listeners of end of test 
2014/04/15 13:50:15 INFO  - jmeter.gui.util.JMeterMenuBar: setRunning(false,*local*) 
2014/04/15 13:50:39 INFO  - jmeter.engine.StandardJMeterEngine: Running the test! 
2014/04/15 13:50:39 INFO  - jmeter.samplers.SampleEvent: List of sample_variables: [] 
2014/04/15 13:50:39 INFO  - jmeter.gui.util.JMeterMenuBar: setRunning(true,*local*) 
2014/04/15 13:50:39 INFO  - jmeter.engine.StandardJMeterEngine: Starting ThreadGroup: 1 : Thread Group 
2014/04/15 13:50:39 INFO  - jmeter.engine.StandardJMeterEngine: Starting 1 threads for group Thread Group. 
2014/04/15 13:50:39 INFO  - jmeter.engine.StandardJMeterEngine: Thread will continue on error 
2014/04/15 13:50:39 INFO  - jmeter.threads.ThreadGroup: Starting thread group number 1 threads 1 ramp-up 1 perThread 1000.0 delayedStart=false 
2014/04/15 13:50:39 INFO  - jmeter.threads.ThreadGroup: Started thread group number 1 
2014/04/15 13:50:39 INFO  - jmeter.engine.StandardJMeterEngine: All thread groups have been started 
2014/04/15 13:50:39 INFO  - jmeter.threads.JMeterThread: Thread started: Thread Group 1-1 
2014/04/15 13:51:06 INFO  - jmeter.gui.action.Start: Stopping test 
2014/04/15 13:51:06 INFO  - jmeter.threads.JMeterThread: Stopping: Thread Group 1-1 
2014/04/15 13:51:06 WARN  - jmeter.threads.JMeterThread: Interrupting: Thread Group 1-1 sampler: HTTP Request 
2014/04/15 13:51:06 INFO  - jmeter.threads.JMeterThread: Thread finished: Thread Group 1-1 
2014/04/15 13:51:06 INFO  - jmeter.engine.StandardJMeterEngine: Notifying test listeners of end of test 
2014/04/15 13:51:06 INFO  - jmeter.gui.util.JMeterMenuBar: setRunning(false,*local*) 
2014/04/15 13:51:08 INFO  - jmeter.engine.StandardJMeterEngine: Running the test! 
2014/04/15 13:51:08 INFO  - jmeter.samplers.SampleEvent: List of sample_variables: [] 
2014/04/15 13:51:08 INFO  - jmeter.gui.util.JMeterMenuBar: setRunning(true,*local*) 
2014/04/15 13:51:08 INFO  - jmeter.engine.StandardJMeterEngine: Starting ThreadGroup: 1 : Thread Group 
2014/04/15 13:51:08 INFO  - jmeter.engine.StandardJMeterEngine: Starting 1 threads for group Thread Group. 
2014/04/15 13:51:08 INFO  - jmeter.engine.StandardJMeterEngine: Thread will continue on error 
2014/04/15 13:51:08 INFO  - jmeter.threads.ThreadGroup: Starting thread group number 1 threads 1 ramp-up 1 perThread 1000.0 delayedStart=false 
2014/04/15 13:51:08 INFO  - jmeter.threads.ThreadGroup: Started thread group number 1 
2014/04/15 13:51:08 INFO  - jmeter.engine.StandardJMeterEngine: All thread groups have been started 
2014/04/15 13:51:08 INFO  - jmeter.threads.JMeterThread: Thread started: Thread Group 1-1 
2014/04/15 13:51:21 INFO  - jmeter.gui.action.Start: Stopping test 
2014/04/15 13:51:21 INFO  - jmeter.threads.JMeterThread: Stopping: Thread Group 1-1 
2014/04/15 13:51:21 WARN  - jmeter.threads.JMeterThread: Interrupting: Thread Group 1-1 sampler: HTTP Request 
2014/04/15 13:51:21 WARN  - jmeter.util.JMeterUtils: Interrupted in thread Thread Group 1-1 java.lang.InterruptedException
	at java.lang.Object.wait(Native Method)
	at java.lang.Object.wait(Object.java:485)
	at java.awt.EventQueue.invokeAndWait(EventQueue.java:1121)
	at java.awt.EventQueue.invokeAndWait(EventQueue.java:1103)
	at javax.swing.SwingUtilities.invokeAndWait(SwingUtilities.java:1326)
	at org.apache.jmeter.util.JMeterUtils.runSafe(JMeterUtils.java:1296)
	at org.apache.jmeter.visualizers.StatVisualizer.add(StatVisualizer.java:169)
	at org.apache.jmeter.reporters.ResultCollector.sendToVisualizer(ResultCollector.java:553)
	at org.apache.jmeter.reporters.ResultCollector.sampleOccurred(ResultCollector.java:529)
	at org.apache.jmeter.threads.ListenerNotifier.notifyListeners(ListenerNotifier.java:84)
	at org.apache.jmeter.threads.JMeterThread.notifyListeners(JMeterThread.java:783)
	at org.apache.jmeter.threads.JMeterThread.process_sampler(JMeterThread.java:443)
	at org.apache.jmeter.threads.JMeterThread.run(JMeterThread.java:257)
	at java.lang.Thread.run(Thread.java:695)

2014/04/15 13:51:21 INFO  - jmeter.threads.JMeterThread: Thread finished: Thread Group 1-1 
2014/04/15 13:51:21 INFO  - jmeter.engine.StandardJMeterEngine: Notifying test listeners of end of test 
2014/04/15 13:51:21 INFO  - jmeter.gui.util.JMeterMenuBar: setRunning(false,*local*) 
2014/04/15 13:51:50 INFO  - jmeter.engine.StandardJMeterEngine: Running the test! 
2014/04/15 13:51:50 INFO  - jmeter.samplers.SampleEvent: List of sample_variables: [] 
2014/04/15 13:51:50 INFO  - jmeter.gui.util.JMeterMenuBar: setRunning(true,*local*) 
2014/04/15 13:51:51 INFO  - jmeter.engine.StandardJMeterEngine: Starting ThreadGroup: 1 : Thread Group 
2014/04/15 13:51:51 INFO  - jmeter.engine.StandardJMeterEngine: Starting 1 threads for group Thread Group. 
2014/04/15 13:51:51 INFO  - jmeter.engine.StandardJMeterEngine: Thread will continue on error 
2014/04/15 13:51:51 INFO  - jmeter.threads.ThreadGroup: Starting thread group number 1 threads 1 ramp-up 1 perThread 1000.0 delayedStart=false 
2014/04/15 13:51:51 INFO  - jmeter.threads.ThreadGroup: Started thread group number 1 
2014/04/15 13:51:51 INFO  - jmeter.engine.StandardJMeterEngine: All thread groups have been started 
2014/04/15 13:51:51 INFO  - jmeter.threads.JMeterThread: Thread started: Thread Group 1-1 
2014/04/15 13:52:04 INFO  - jmeter.gui.action.Start: Stopping test 
2014/04/15 13:52:04 INFO  - jmeter.threads.JMeterThread: Stopping: Thread Group 1-1 
2014/04/15 13:52:04 WARN  - jmeter.threads.JMeterThread: Interrupting: Thread Group 1-1 sampler: HTTP Request 
2014/04/15 13:52:04 WARN  - jmeter.threads.JMeterThread: No operation pending 
2014/04/15 13:52:04 WARN  - jmeter.util.JMeterUtils: Interrupted in thread Thread Group 1-1 java.lang.InterruptedException
	at java.lang.Object.wait(Native Method)
	at java.lang.Object.wait(Object.java:485)
	at java.awt.EventQueue.invokeAndWait(EventQueue.java:1121)
	at java.awt.EventQueue.invokeAndWait(EventQueue.java:1103)
	at javax.swing.SwingUtilities.invokeAndWait(SwingUtilities.java:1326)
	at org.apache.jmeter.util.JMeterUtils.runSafe(JMeterUtils.java:1296)
	at org.apache.jmeter.visualizers.StatVisualizer.add(StatVisualizer.java:169)
	at org.apache.jmeter.reporters.ResultCollector.sendToVisualizer(ResultCollector.java:553)
	at org.apache.jmeter.reporters.ResultCollector.sampleOccurred(ResultCollector.java:529)
	at org.apache.jmeter.threads.ListenerNotifier.notifyListeners(ListenerNotifier.java:84)
	at org.apache.jmeter.threads.JMeterThread.notifyListeners(JMeterThread.java:783)
	at org.apache.jmeter.threads.JMeterThread.process_sampler(JMeterThread.java:443)
	at org.apache.jmeter.threads.JMeterThread.run(JMeterThread.java:257)
	at java.lang.Thread.run(Thread.java:695)

2014/04/15 13:52:04 INFO  - jmeter.threads.JMeterThread: Thread finished: Thread Group 1-1 
2014/04/15 13:52:04 INFO  - jmeter.engine.StandardJMeterEngine: Notifying test listeners of end of test 
2014/04/15 13:52:04 INFO  - jmeter.reporters.Summariser: Generate Summary Results =   3585 in    14s =  259.0/s Avg:     3 Min:     2 Max:   342 Err:     0 (0.00%) 
2014/04/15 13:52:04 INFO  - jmeter.gui.util.JMeterMenuBar: setRunning(false,*local*) 
2014/04/15 13:52:09 INFO  - jmeter.engine.StandardJMeterEngine: Running the test! 
2014/04/15 13:52:09 INFO  - jmeter.samplers.SampleEvent: List of sample_variables: [] 
2014/04/15 13:52:09 INFO  - jmeter.gui.util.JMeterMenuBar: setRunning(true,*local*) 
2014/04/15 13:52:09 INFO  - jmeter.engine.StandardJMeterEngine: Starting ThreadGroup: 1 : Thread Group 
2014/04/15 13:52:09 INFO  - jmeter.engine.StandardJMeterEngine: Starting 1 threads for group Thread Group. 
2014/04/15 13:52:09 INFO  - jmeter.engine.StandardJMeterEngine: Thread will continue on error 
2014/04/15 13:52:09 INFO  - jmeter.threads.ThreadGroup: Starting thread group number 1 threads 1 ramp-up 1 perThread 1000.0 delayedStart=false 
2014/04/15 13:52:09 INFO  - jmeter.threads.ThreadGroup: Started thread group number 1 
2014/04/15 13:52:09 INFO  - jmeter.engine.StandardJMeterEngine: All thread groups have been started 
2014/04/15 13:52:09 INFO  - jmeter.threads.JMeterThread: Thread started: Thread Group 1-1 
2014/04/15 13:52:32 INFO  - jmeter.gui.action.Start: Stopping test 
2014/04/15 13:52:32 INFO  - jmeter.threads.JMeterThread: Stopping: Thread Group 1-1 
2014/04/15 13:52:32 WARN  - jmeter.util.JMeterUtils: Interrupted in thread Thread Group 1-1 java.lang.InterruptedException
	at java.lang.Object.wait(Native Method)
	at java.lang.Object.wait(Object.java:485)
	at java.awt.EventQueue.invokeAndWait(EventQueue.java:1121)
	at java.awt.EventQueue.invokeAndWait(EventQueue.java:1103)
	at javax.swing.SwingUtilities.invokeAndWait(SwingUtilities.java:1326)
	at org.apache.jmeter.util.JMeterUtils.runSafe(JMeterUtils.java:1296)
	at org.apache.jmeter.visualizers.StatVisualizer.add(StatVisualizer.java:169)
	at org.apache.jmeter.reporters.ResultCollector.sendToVisualizer(ResultCollector.java:553)
	at org.apache.jmeter.reporters.ResultCollector.sampleOccurred(ResultCollector.java:529)
	at org.apache.jmeter.threads.ListenerNotifier.notifyListeners(ListenerNotifier.java:84)
	at org.apache.jmeter.threads.JMeterThread.notifyListeners(JMeterThread.java:783)
	at org.apache.jmeter.threads.JMeterThread.process_sampler(JMeterThread.java:443)
	at org.apache.jmeter.threads.JMeterThread.run(JMeterThread.java:257)
	at java.lang.Thread.run(Thread.java:695)

2014/04/15 13:52:32 INFO  - jmeter.threads.JMeterThread: Thread finished: Thread Group 1-1 
2014/04/15 13:52:32 INFO  - jmeter.engine.StandardJMeterEngine: Notifying test listeners of end of test 
2014/04/15 13:52:32 INFO  - jmeter.reporters.Summariser: Generate Summary Results =   4078 in    23s =  179.6/s Avg:     3 Min:     3 Max:    83 Err:     0 (0.00%) 
2014/04/15 13:52:32 INFO  - jmeter.gui.util.JMeterMenuBar: setRunning(false,*local*) 
2014/04/15 13:52:38 INFO  - jmeter.engine.StandardJMeterEngine: Running the test! 
2014/04/15 13:52:38 INFO  - jmeter.samplers.SampleEvent: List of sample_variables: [] 
2014/04/15 13:52:38 INFO  - jmeter.gui.util.JMeterMenuBar: setRunning(true,*local*) 
2014/04/15 13:52:38 INFO  - jmeter.engine.StandardJMeterEngine: Starting ThreadGroup: 1 : Thread Group 
2014/04/15 13:52:38 INFO  - jmeter.engine.StandardJMeterEngine: Starting 1 threads for group Thread Group. 
2014/04/15 13:52:38 INFO  - jmeter.engine.StandardJMeterEngine: Thread will continue on error 
2014/04/15 13:52:38 INFO  - jmeter.threads.ThreadGroup: Starting thread group number 1 threads 1 ramp-up 1 perThread 1000.0 delayedStart=false 
2014/04/15 13:52:38 INFO  - jmeter.threads.ThreadGroup: Started thread group number 1 
2014/04/15 13:52:38 INFO  - jmeter.engine.StandardJMeterEngine: All thread groups have been started 
2014/04/15 13:52:38 INFO  - jmeter.threads.JMeterThread: Thread started: Thread Group 1-1 
2014/04/15 13:52:43 INFO  - jmeter.gui.action.Start: Stopping test 
2014/04/15 13:52:43 INFO  - jmeter.threads.JMeterThread: Stopping: Thread Group 1-1 
2014/04/15 13:52:43 WARN  - jmeter.threads.JMeterThread: Interrupting: Thread Group 1-1 sampler: HTTP Request 
2014/04/15 13:52:43 WARN  - jmeter.util.JMeterUtils: Interrupted in thread Thread Group 1-1 java.lang.InterruptedException
	at java.lang.Object.wait(Native Method)
	at java.lang.Object.wait(Object.java:485)
	at java.awt.EventQueue.invokeAndWait(EventQueue.java:1121)
	at java.awt.EventQueue.invokeAndWait(EventQueue.java:1103)
	at javax.swing.SwingUtilities.invokeAndWait(SwingUtilities.java:1326)
	at org.apache.jmeter.util.JMeterUtils.runSafe(JMeterUtils.java:1296)
	at org.apache.jmeter.visualizers.StatVisualizer.add(StatVisualizer.java:169)
	at org.apache.jmeter.reporters.ResultCollector.sendToVisualizer(ResultCollector.java:553)
	at org.apache.jmeter.reporters.ResultCollector.sampleOccurred(ResultCollector.java:529)
	at org.apache.jmeter.threads.ListenerNotifier.notifyListeners(ListenerNotifier.java:84)
	at org.apache.jmeter.threads.JMeterThread.notifyListeners(JMeterThread.java:783)
	at org.apache.jmeter.threads.JMeterThread.process_sampler(JMeterThread.java:443)
	at org.apache.jmeter.threads.JMeterThread.run(JMeterThread.java:257)
	at java.lang.Thread.run(Thread.java:695)

2014/04/15 13:52:43 INFO  - jmeter.threads.JMeterThread: Thread finished: Thread Group 1-1 
2014/04/15 13:52:43 INFO  - jmeter.engine.StandardJMeterEngine: Notifying test listeners of end of test 
2014/04/15 13:52:43 INFO  - jmeter.reporters.Summariser: Generate Summary Results =      9 in   5.3s =    1.7/s Avg:   590 Min:   301 Max:   890 Err:     1 (11.11%) 
2014/04/15 13:52:43 INFO  - jmeter.gui.util.JMeterMenuBar: setRunning(false,*local*) 
2014/04/15 13:52:44 INFO  - jmeter.engine.StandardJMeterEngine: Running the test! 
2014/04/15 13:52:44 INFO  - jmeter.samplers.SampleEvent: List of sample_variables: [] 
2014/04/15 13:52:44 INFO  - jmeter.gui.util.JMeterMenuBar: setRunning(true,*local*) 
2014/04/15 13:52:45 INFO  - jmeter.engine.StandardJMeterEngine: Starting ThreadGroup: 1 : Thread Group 
2014/04/15 13:52:45 INFO  - jmeter.engine.StandardJMeterEngine: Starting 1 threads for group Thread Group. 
2014/04/15 13:52:45 INFO  - jmeter.engine.StandardJMeterEngine: Thread will continue on error 
2014/04/15 13:52:45 INFO  - jmeter.threads.ThreadGroup: Starting thread group number 1 threads 1 ramp-up 1 perThread 1000.0 delayedStart=false 
2014/04/15 13:52:45 INFO  - jmeter.threads.ThreadGroup: Started thread group number 1 
2014/04/15 13:52:45 INFO  - jmeter.engine.StandardJMeterEngine: All thread groups have been started 
2014/04/15 13:52:45 INFO  - jmeter.threads.JMeterThread: Thread started: Thread Group 1-1 
2014/04/15 13:53:29 INFO  - jmeter.gui.action.Start: Stopping test 
2014/04/15 13:53:29 INFO  - jmeter.threads.JMeterThread: Stopping: Thread Group 1-1 
2014/04/15 13:53:29 WARN  - jmeter.threads.JMeterThread: Interrupting: Thread Group 1-1 sampler: HTTP Request 
2014/04/15 13:53:29 WARN  - jmeter.util.JMeterUtils: Interrupted in thread Thread Group 1-1 java.lang.InterruptedException
	at java.lang.Object.wait(Native Method)
	at java.lang.Object.wait(Object.java:485)
	at java.awt.EventQueue.invokeAndWait(EventQueue.java:1121)
	at java.awt.EventQueue.invokeAndWait(EventQueue.java:1103)
	at javax.swing.SwingUtilities.invokeAndWait(SwingUtilities.java:1326)
	at org.apache.jmeter.util.JMeterUtils.runSafe(JMeterUtils.java:1296)
	at org.apache.jmeter.visualizers.StatVisualizer.add(StatVisualizer.java:169)
	at org.apache.jmeter.reporters.ResultCollector.sendToVisualizer(ResultCollector.java:553)
	at org.apache.jmeter.reporters.ResultCollector.sampleOccurred(ResultCollector.java:529)
	at org.apache.jmeter.threads.ListenerNotifier.notifyListeners(ListenerNotifier.java:84)
	at org.apache.jmeter.threads.JMeterThread.notifyListeners(JMeterThread.java:783)
	at org.apache.jmeter.threads.JMeterThread.process_sampler(JMeterThread.java:443)
	at org.apache.jmeter.threads.JMeterThread.run(JMeterThread.java:257)
	at java.lang.Thread.run(Thread.java:695)

2014/04/15 13:53:29 INFO  - jmeter.threads.JMeterThread: Thread finished: Thread Group 1-1 
2014/04/15 13:53:29 INFO  - jmeter.engine.StandardJMeterEngine: Notifying test listeners of end of test 
2014/04/15 13:53:29 INFO  - jmeter.reporters.Summariser: Generate Summary Results =    152 in    45s =    3.4/s Avg:   291 Min:   223 Max:   780 Err:     1 (0.66%) 
2014/04/15 13:53:29 INFO  - jmeter.gui.util.JMeterMenuBar: setRunning(false,*local*) 
2014/04/15 13:53:36 INFO  - jmeter.engine.StandardJMeterEngine: Running the test! 
2014/04/15 13:53:36 INFO  - jmeter.samplers.SampleEvent: List of sample_variables: [] 
2014/04/15 13:53:36 INFO  - jmeter.gui.util.JMeterMenuBar: setRunning(true,*local*) 
2014/04/15 13:53:36 INFO  - jmeter.engine.StandardJMeterEngine: Starting ThreadGroup: 1 : Thread Group 
2014/04/15 13:53:36 INFO  - jmeter.engine.StandardJMeterEngine: Starting 1 threads for group Thread Group. 
2014/04/15 13:53:36 INFO  - jmeter.engine.StandardJMeterEngine: Thread will continue on error 
2014/04/15 13:53:36 INFO  - jmeter.threads.ThreadGroup: Starting thread group number 1 threads 1 ramp-up 1 perThread 1000.0 delayedStart=false 
2014/04/15 13:53:36 INFO  - jmeter.threads.ThreadGroup: Started thread group number 1 
2014/04/15 13:53:36 INFO  - jmeter.engine.StandardJMeterEngine: All thread groups have been started 
2014/04/15 13:53:36 INFO  - jmeter.threads.JMeterThread: Thread started: Thread Group 1-1 
2014/04/15 13:53:42 INFO  - jmeter.gui.action.Start: Stopping test 
2014/04/15 13:53:42 INFO  - jmeter.threads.JMeterThread: Stopping: Thread Group 1-1 
2014/04/15 13:53:42 WARN  - jmeter.threads.JMeterThread: Interrupting: Thread Group 1-1 sampler: HTTP Request 
2014/04/15 13:53:42 WARN  - jmeter.util.JMeterUtils: Interrupted in thread Thread Group 1-1 java.lang.InterruptedException
	at java.lang.Object.wait(Native Method)
	at java.lang.Object.wait(Object.java:485)
	at java.awt.EventQueue.invokeAndWait(EventQueue.java:1121)
	at java.awt.EventQueue.invokeAndWait(EventQueue.java:1103)
	at javax.swing.SwingUtilities.invokeAndWait(SwingUtilities.java:1326)
	at org.apache.jmeter.util.JMeterUtils.runSafe(JMeterUtils.java:1296)
	at org.apache.jmeter.visualizers.StatVisualizer.add(StatVisualizer.java:169)
	at org.apache.jmeter.reporters.ResultCollector.sendToVisualizer(ResultCollector.java:553)
	at org.apache.jmeter.reporters.ResultCollector.sampleOccurred(ResultCollector.java:529)
	at org.apache.jmeter.threads.ListenerNotifier.notifyListeners(ListenerNotifier.java:84)
	at org.apache.jmeter.threads.JMeterThread.notifyListeners(JMeterThread.java:783)
	at org.apache.jmeter.threads.JMeterThread.process_sampler(JMeterThread.java:443)
	at org.apache.jmeter.threads.JMeterThread.run(JMeterThread.java:257)
	at java.lang.Thread.run(Thread.java:695)

2014/04/15 13:53:42 INFO  - jmeter.threads.JMeterThread: Thread finished: Thread Group 1-1 
2014/04/15 13:53:42 INFO  - jmeter.engine.StandardJMeterEngine: Notifying test listeners of end of test 
2014/04/15 13:53:42 INFO  - jmeter.reporters.Summariser: Generate Summary Results =     14 in     6s =    2.4/s Avg:   411 Min:   171 Max:  1511 Err:     1 (7.14%) 
2014/04/15 13:53:42 INFO  - jmeter.gui.util.JMeterMenuBar: setRunning(false,*local*) 
2014/04/15 13:53:43 INFO  - jmeter.engine.StandardJMeterEngine: Running the test! 
2014/04/15 13:53:43 INFO  - jmeter.samplers.SampleEvent: List of sample_variables: [] 
2014/04/15 13:53:43 INFO  - jmeter.gui.util.JMeterMenuBar: setRunning(true,*local*) 
2014/04/15 13:53:44 INFO  - jmeter.engine.StandardJMeterEngine: Starting ThreadGroup: 1 : Thread Group 
2014/04/15 13:53:44 INFO  - jmeter.engine.StandardJMeterEngine: Starting 1 threads for group Thread Group. 
2014/04/15 13:53:44 INFO  - jmeter.engine.StandardJMeterEngine: Thread will continue on error 
2014/04/15 13:53:44 INFO  - jmeter.threads.ThreadGroup: Starting thread group number 1 threads 1 ramp-up 1 perThread 1000.0 delayedStart=false 
2014/04/15 13:53:44 INFO  - jmeter.threads.ThreadGroup: Started thread group number 1 
2014/04/15 13:53:44 INFO  - jmeter.engine.StandardJMeterEngine: All thread groups have been started 
2014/04/15 13:53:44 INFO  - jmeter.threads.JMeterThread: Thread started: Thread Group 1-1 
2014/04/15 13:54:00 INFO  - jmeter.reporters.Summariser: Generate Summary Results +     32 in    16s =    2.0/s Avg:   499 Min:   357 Max:   980 Err:     0 (0.00%) Active: 1 Started: 1 Finished: 0 
2014/04/15 13:56:24 INFO  - jmeter.gui.action.Start: Stopping test 
2014/04/15 13:56:24 INFO  - jmeter.threads.JMeterThread: Stopping: Thread Group 1-1 
2014/04/15 13:56:24 WARN  - jmeter.threads.JMeterThread: Interrupting: Thread Group 1-1 sampler: HTTP Request 
2014/04/15 13:56:24 WARN  - jmeter.util.JMeterUtils: Interrupted in thread Thread Group 1-1 java.lang.InterruptedException
	at java.lang.Object.wait(Native Method)
	at java.lang.Object.wait(Object.java:485)
	at java.awt.EventQueue.invokeAndWait(EventQueue.java:1121)
	at java.awt.EventQueue.invokeAndWait(EventQueue.java:1103)
	at javax.swing.SwingUtilities.invokeAndWait(SwingUtilities.java:1326)
	at org.apache.jmeter.util.JMeterUtils.runSafe(JMeterUtils.java:1296)
	at org.apache.jmeter.visualizers.StatVisualizer.add(StatVisualizer.java:169)
	at org.apache.jmeter.reporters.ResultCollector.sendToVisualizer(ResultCollector.java:553)
	at org.apache.jmeter.reporters.ResultCollector.sampleOccurred(ResultCollector.java:529)
	at org.apache.jmeter.threads.ListenerNotifier.notifyListeners(ListenerNotifier.java:84)
	at org.apache.jmeter.threads.JMeterThread.notifyListeners(JMeterThread.java:783)
	at org.apache.jmeter.threads.JMeterThread.process_sampler(JMeterThread.java:443)
	at org.apache.jmeter.threads.JMeterThread.run(JMeterThread.java:257)
	at java.lang.Thread.run(Thread.java:695)

2014/04/15 13:56:24 INFO  - jmeter.threads.JMeterThread: Thread finished: Thread Group 1-1 
2014/04/15 13:56:24 INFO  - jmeter.engine.StandardJMeterEngine: Notifying test listeners of end of test 
2014/04/15 13:56:24 INFO  - jmeter.reporters.Summariser: Generate Summary Results +    390 in   144s =    2.7/s Avg:   368 Min:   199 Max:  1055 Err:     1 (0.26%) Active: 0 Started: 1 Finished: 1 
2014/04/15 13:56:24 INFO  - jmeter.reporters.Summariser: Generate Summary Results =    422 in   160s =    2.6/s Avg:   378 Min:   199 Max:  1055 Err:     1 (0.24%) 
2014/04/15 13:56:24 INFO  - jmeter.gui.util.JMeterMenuBar: setRunning(false,*local*) 
2014/04/15 13:56:28 INFO  - jmeter.engine.StandardJMeterEngine: Running the test! 
2014/04/15 13:56:28 INFO  - jmeter.samplers.SampleEvent: List of sample_variables: [] 
2014/04/15 13:56:28 INFO  - jmeter.gui.util.JMeterMenuBar: setRunning(true,*local*) 
2014/04/15 13:56:28 INFO  - jmeter.engine.StandardJMeterEngine: Starting ThreadGroup: 1 : Thread Group 
2014/04/15 13:56:28 INFO  - jmeter.engine.StandardJMeterEngine: Starting 5 threads for group Thread Group. 
2014/04/15 13:56:28 INFO  - jmeter.engine.StandardJMeterEngine: Thread will continue on error 
2014/04/15 13:56:28 INFO  - jmeter.threads.ThreadGroup: Starting thread group number 1 threads 5 ramp-up 1 perThread 200.0 delayedStart=false 
2014/04/15 13:56:28 INFO  - jmeter.threads.JMeterThread: Thread started: Thread Group 1-1 
2014/04/15 13:56:28 INFO  - jmeter.threads.ThreadGroup: Started thread group number 1 
2014/04/15 13:56:28 INFO  - jmeter.engine.StandardJMeterEngine: All thread groups have been started 
2014/04/15 13:56:28 INFO  - jmeter.threads.JMeterThread: Thread started: Thread Group 1-2 
2014/04/15 13:56:28 INFO  - jmeter.threads.JMeterThread: Thread started: Thread Group 1-3 
2014/04/15 13:56:29 INFO  - jmeter.threads.JMeterThread: Thread started: Thread Group 1-4 
2014/04/15 13:56:29 INFO  - jmeter.threads.JMeterThread: Thread started: Thread Group 1-5 
2014/04/15 13:56:37 INFO  - jmeter.gui.action.Start: Stopping test 
2014/04/15 13:56:37 INFO  - jmeter.threads.JMeterThread: Stopping: Thread Group 1-1 
2014/04/15 13:56:37 WARN  - jmeter.threads.JMeterThread: Interrupting: Thread Group 1-1 sampler: HTTP Request 
2014/04/15 13:56:37 INFO  - jmeter.threads.JMeterThread: Stopping: Thread Group 1-4 
2014/04/15 13:56:37 WARN  - jmeter.threads.JMeterThread: Interrupting: Thread Group 1-4 sampler: HTTP Request 
2014/04/15 13:56:37 INFO  - jmeter.threads.JMeterThread: Stopping: Thread Group 1-3 
2014/04/15 13:56:37 WARN  - jmeter.threads.JMeterThread: Interrupting: Thread Group 1-3 sampler: HTTP Request 
2014/04/15 13:56:37 WARN  - jmeter.util.JMeterUtils: Interrupted in thread Thread Group 1-1 java.lang.InterruptedException
	at java.lang.Object.wait(Native Method)
	at java.lang.Object.wait(Object.java:485)
	at java.awt.EventQueue.invokeAndWait(EventQueue.java:1121)
	at java.awt.EventQueue.invokeAndWait(EventQueue.java:1103)
	at javax.swing.SwingUtilities.invokeAndWait(SwingUtilities.java:1326)
	at org.apache.jmeter.util.JMeterUtils.runSafe(JMeterUtils.java:1296)
	at org.apache.jmeter.visualizers.StatVisualizer.add(StatVisualizer.java:169)
	at org.apache.jmeter.reporters.ResultCollector.sendToVisualizer(ResultCollector.java:553)
	at org.apache.jmeter.reporters.ResultCollector.sampleOccurred(ResultCollector.java:529)
	at org.apache.jmeter.threads.ListenerNotifier.notifyListeners(ListenerNotifier.java:84)
	at org.apache.jmeter.threads.JMeterThread.notifyListeners(JMeterThread.java:783)
	at org.apache.jmeter.threads.JMeterThread.process_sampler(JMeterThread.java:443)
	at org.apache.jmeter.threads.JMeterThread.run(JMeterThread.java:257)
	at java.lang.Thread.run(Thread.java:695)

2014/04/15 13:56:37 INFO  - jmeter.threads.JMeterThread: Stopping: Thread Group 1-2 
2014/04/15 13:56:37 WARN  - jmeter.util.JMeterUtils: Interrupted in thread Thread Group 1-4 java.lang.InterruptedException
	at java.lang.Object.wait(Native Method)
	at java.lang.Object.wait(Object.java:485)
	at java.awt.EventQueue.invokeAndWait(EventQueue.java:1121)
	at java.awt.EventQueue.invokeAndWait(EventQueue.java:1103)
	at javax.swing.SwingUtilities.invokeAndWait(SwingUtilities.java:1326)
	at org.apache.jmeter.util.JMeterUtils.runSafe(JMeterUtils.java:1296)
	at org.apache.jmeter.visualizers.StatVisualizer.add(StatVisualizer.java:169)
	at org.apache.jmeter.reporters.ResultCollector.sendToVisualizer(ResultCollector.java:553)
	at org.apache.jmeter.reporters.ResultCollector.sampleOccurred(ResultCollector.java:529)
	at org.apache.jmeter.threads.ListenerNotifier.notifyListeners(ListenerNotifier.java:84)
	at org.apache.jmeter.threads.JMeterThread.notifyListeners(JMeterThread.java:783)
	at org.apache.jmeter.threads.JMeterThread.process_sampler(JMeterThread.java:443)
	at org.apache.jmeter.threads.JMeterThread.run(JMeterThread.java:257)
	at java.lang.Thread.run(Thread.java:695)

2014/04/15 13:56:37 WARN  - jmeter.threads.JMeterThread: Interrupting: Thread Group 1-2 sampler: HTTP Request 
2014/04/15 13:56:37 WARN  - jmeter.util.JMeterUtils: Interrupted in thread Thread Group 1-3 java.lang.InterruptedException
	at java.lang.Object.wait(Native Method)
	at java.lang.Object.wait(Object.java:485)
	at java.awt.EventQueue.invokeAndWait(EventQueue.java:1121)
	at java.awt.EventQueue.invokeAndWait(EventQueue.java:1103)
	at javax.swing.SwingUtilities.invokeAndWait(SwingUtilities.java:1326)
	at org.apache.jmeter.util.JMeterUtils.runSafe(JMeterUtils.java:1296)
	at org.apache.jmeter.visualizers.StatVisualizer.add(StatVisualizer.java:169)
	at org.apache.jmeter.reporters.ResultCollector.sendToVisualizer(ResultCollector.java:553)
	at org.apache.jmeter.reporters.ResultCollector.sampleOccurred(ResultCollector.java:529)
	at org.apache.jmeter.threads.ListenerNotifier.notifyListeners(ListenerNotifier.java:84)
	at org.apache.jmeter.threads.JMeterThread.notifyListeners(JMeterThread.java:783)
	at org.apache.jmeter.threads.JMeterThread.process_sampler(JMeterThread.java:443)
	at org.apache.jmeter.threads.JMeterThread.run(JMeterThread.java:257)
	at java.lang.Thread.run(Thread.java:695)

2014/04/15 13:56:37 INFO  - jmeter.threads.JMeterThread: Stopping: Thread Group 1-5 
2014/04/15 13:56:37 WARN  - jmeter.threads.JMeterThread: Interrupting: Thread Group 1-5 sampler: HTTP Request 
2014/04/15 13:56:37 WARN  - jmeter.util.JMeterUtils: Interrupted in thread Thread Group 1-2 java.lang.InterruptedException
	at java.lang.Object.wait(Native Method)
	at java.lang.Object.wait(Object.java:485)
	at java.awt.EventQueue.invokeAndWait(EventQueue.java:1121)
	at java.awt.EventQueue.invokeAndWait(EventQueue.java:1103)
	at javax.swing.SwingUtilities.invokeAndWait(SwingUtilities.java:1326)
	at org.apache.jmeter.util.JMeterUtils.runSafe(JMeterUtils.java:1296)
	at org.apache.jmeter.visualizers.StatVisualizer.add(StatVisualizer.java:169)
	at org.apache.jmeter.reporters.ResultCollector.sendToVisualizer(ResultCollector.java:553)
	at org.apache.jmeter.reporters.ResultCollector.sampleOccurred(ResultCollector.java:529)
	at org.apache.jmeter.threads.ListenerNotifier.notifyListeners(ListenerNotifier.java:84)
	at org.apache.jmeter.threads.JMeterThread.notifyListeners(JMeterThread.java:783)
	at org.apache.jmeter.threads.JMeterThread.process_sampler(JMeterThread.java:443)
	at org.apache.jmeter.threads.JMeterThread.run(JMeterThread.java:257)
	at java.lang.Thread.run(Thread.java:695)

2014/04/15 13:56:37 WARN  - jmeter.util.JMeterUtils: Interrupted in thread Thread Group 1-5 java.lang.InterruptedException
	at java.lang.Object.wait(Native Method)
	at java.lang.Object.wait(Object.java:485)
	at java.awt.EventQueue.invokeAndWait(EventQueue.java:1121)
	at java.awt.EventQueue.invokeAndWait(EventQueue.java:1103)
	at javax.swing.SwingUtilities.invokeAndWait(SwingUtilities.java:1326)
	at org.apache.jmeter.util.JMeterUtils.runSafe(JMeterUtils.java:1296)
	at org.apache.jmeter.visualizers.StatVisualizer.add(StatVisualizer.java:169)
	at org.apache.jmeter.reporters.ResultCollector.sendToVisualizer(ResultCollector.java:553)
	at org.apache.jmeter.reporters.ResultCollector.sampleOccurred(ResultCollector.java:529)
	at org.apache.jmeter.threads.ListenerNotifier.notifyListeners(ListenerNotifier.java:84)
	at org.apache.jmeter.threads.JMeterThread.notifyListeners(JMeterThread.java:783)
	at org.apache.jmeter.threads.JMeterThread.process_sampler(JMeterThread.java:443)
	at org.apache.jmeter.threads.JMeterThread.run(JMeterThread.java:257)
	at java.lang.Thread.run(Thread.java:695)

2014/04/15 13:56:37 INFO  - jmeter.threads.JMeterThread: Thread finished: Thread Group 1-1 
2014/04/15 13:56:37 INFO  - jmeter.threads.JMeterThread: Thread finished: Thread Group 1-2 
2014/04/15 13:56:37 INFO  - jmeter.threads.JMeterThread: Thread finished: Thread Group 1-3 
2014/04/15 13:56:37 INFO  - jmeter.threads.JMeterThread: Thread finished: Thread Group 1-5 
2014/04/15 13:56:37 INFO  - jmeter.threads.JMeterThread: Thread finished: Thread Group 1-4 
2014/04/15 13:56:37 INFO  - jmeter.engine.StandardJMeterEngine: Notifying test listeners of end of test 
2014/04/15 13:56:37 INFO  - jmeter.reporters.Summariser: Generate Summary Results =    106 in   9.1s =   11.6/s Avg:   409 Min:   124 Max:  1144 Err:     5 (4.72%) 
2014/04/15 13:56:37 INFO  - jmeter.gui.util.JMeterMenuBar: setRunning(false,*local*) 
2014/04/15 13:57:12 INFO  - jmeter.engine.StandardJMeterEngine: Running the test! 
2014/04/15 13:57:12 INFO  - jmeter.samplers.SampleEvent: List of sample_variables: [] 
2014/04/15 13:57:12 INFO  - jmeter.gui.util.JMeterMenuBar: setRunning(true,*local*) 
2014/04/15 13:57:13 INFO  - jmeter.engine.StandardJMeterEngine: Starting ThreadGroup: 1 : Thread Group 
2014/04/15 13:57:13 INFO  - jmeter.engine.StandardJMeterEngine: Starting 5 threads for group Thread Group. 
2014/04/15 13:57:13 INFO  - jmeter.engine.StandardJMeterEngine: Thread will continue on error 
2014/04/15 13:57:13 INFO  - jmeter.threads.ThreadGroup: Starting thread group number 1 threads 5 ramp-up 1 perThread 200.0 delayedStart=false 
2014/04/15 13:57:13 INFO  - jmeter.threads.JMeterThread: Thread started: Thread Group 1-1 
2014/04/15 13:57:13 INFO  - jmeter.threads.ThreadGroup: Started thread group number 1 
2014/04/15 13:57:13 INFO  - jmeter.engine.StandardJMeterEngine: All thread groups have been started 
2014/04/15 13:57:13 INFO  - jmeter.threads.JMeterThread: Thread started: Thread Group 1-2 
2014/04/15 13:57:13 INFO  - jmeter.threads.JMeterThread: Thread started: Thread Group 1-3 
2014/04/15 13:57:13 INFO  - jmeter.threads.JMeterThread: Thread started: Thread Group 1-4 
2014/04/15 13:57:13 INFO  - jmeter.threads.JMeterThread: Thread started: Thread Group 1-5 
2014/04/15 14:00:00 INFO  - jmeter.reporters.Summariser: Generate Summary Results +    841 in   167s =    5.0/s Avg:   983 Min:   135 Max:  3308 Err:     0 (0.00%) Active: 5 Started: 5 Finished: 0 
2014/04/15 14:03:00 INFO  - jmeter.reporters.Summariser: Generate Summary Results +   1103 in   182s =    6.1/s Avg:   816 Min:   136 Max:  3102 Err:     1 (0.09%) Active: 5 Started: 5 Finished: 0 
2014/04/15 14:03:00 INFO  - jmeter.reporters.Summariser: Generate Summary Results =   1944 in   347s =    5.6/s Avg:   888 Min:   135 Max:  3308 Err:     1 (0.05%) 
2014/04/15 14:04:44 INFO  - jmeter.gui.action.Start: Stopping test 
2014/04/15 14:04:44 INFO  - jmeter.threads.JMeterThread: Stopping: Thread Group 1-4 
2014/04/15 14:04:44 WARN  - jmeter.threads.JMeterThread: Interrupting: Thread Group 1-4 sampler: HTTP Request 
2014/04/15 14:04:44 INFO  - jmeter.threads.JMeterThread: Stopping: Thread Group 1-1 
2014/04/15 14:04:44 WARN  - jmeter.threads.JMeterThread: Interrupting: Thread Group 1-1 sampler: HTTP Request 
2014/04/15 14:04:44 INFO  - jmeter.threads.JMeterThread: Stopping: Thread Group 1-3 
2014/04/15 14:04:44 WARN  - jmeter.threads.JMeterThread: Interrupting: Thread Group 1-3 sampler: HTTP Request 
2014/04/15 14:04:44 WARN  - jmeter.util.JMeterUtils: Interrupted in thread Thread Group 1-4 java.lang.InterruptedException
	at java.lang.Object.wait(Native Method)
	at java.lang.Object.wait(Object.java:485)
	at java.awt.EventQueue.invokeAndWait(EventQueue.java:1121)
	at java.awt.EventQueue.invokeAndWait(EventQueue.java:1103)
	at javax.swing.SwingUtilities.invokeAndWait(SwingUtilities.java:1326)
	at org.apache.jmeter.util.JMeterUtils.runSafe(JMeterUtils.java:1296)
	at org.apache.jmeter.visualizers.StatVisualizer.add(StatVisualizer.java:169)
	at org.apache.jmeter.reporters.ResultCollector.sendToVisualizer(ResultCollector.java:553)
	at org.apache.jmeter.reporters.ResultCollector.sampleOccurred(ResultCollector.java:529)
	at org.apache.jmeter.threads.ListenerNotifier.notifyListeners(ListenerNotifier.java:84)
	at org.apache.jmeter.threads.JMeterThread.notifyListeners(JMeterThread.java:783)
	at org.apache.jmeter.threads.JMeterThread.process_sampler(JMeterThread.java:443)
	at org.apache.jmeter.threads.JMeterThread.run(JMeterThread.java:257)
	at java.lang.Thread.run(Thread.java:695)

2014/04/15 14:04:44 INFO  - jmeter.threads.JMeterThread: Stopping: Thread Group 1-2 
2014/04/15 14:04:44 WARN  - jmeter.threads.JMeterThread: Interrupting: Thread Group 1-2 sampler: HTTP Request 
2014/04/15 14:04:44 WARN  - jmeter.util.JMeterUtils: Interrupted in thread Thread Group 1-1 java.lang.InterruptedException
	at java.lang.Object.wait(Native Method)
	at java.lang.Object.wait(Object.java:485)
	at java.awt.EventQueue.invokeAndWait(EventQueue.java:1121)
	at java.awt.EventQueue.invokeAndWait(EventQueue.java:1103)
	at javax.swing.SwingUtilities.invokeAndWait(SwingUtilities.java:1326)
	at org.apache.jmeter.util.JMeterUtils.runSafe(JMeterUtils.java:1296)
	at org.apache.jmeter.visualizers.StatVisualizer.add(StatVisualizer.java:169)
	at org.apache.jmeter.reporters.ResultCollector.sendToVisualizer(ResultCollector.java:553)
	at org.apache.jmeter.reporters.ResultCollector.sampleOccurred(ResultCollector.java:529)
	at org.apache.jmeter.threads.ListenerNotifier.notifyListeners(ListenerNotifier.java:84)
	at org.apache.jmeter.threads.JMeterThread.notifyListeners(JMeterThread.java:783)
	at org.apache.jmeter.threads.JMeterThread.process_sampler(JMeterThread.java:443)
	at org.apache.jmeter.threads.JMeterThread.run(JMeterThread.java:257)
	at java.lang.Thread.run(Thread.java:695)

2014/04/15 14:04:44 INFO  - jmeter.threads.JMeterThread: Stopping: Thread Group 1-5 
2014/04/15 14:04:44 WARN  - jmeter.threads.JMeterThread: Interrupting: Thread Group 1-5 sampler: HTTP Request 
2014/04/15 14:04:44 WARN  - jmeter.util.JMeterUtils: Interrupted in thread Thread Group 1-3 java.lang.InterruptedException
	at java.lang.Object.wait(Native Method)
	at java.lang.Object.wait(Object.java:485)
	at java.awt.EventQueue.invokeAndWait(EventQueue.java:1121)
	at java.awt.EventQueue.invokeAndWait(EventQueue.java:1103)
	at javax.swing.SwingUtilities.invokeAndWait(SwingUtilities.java:1326)
	at org.apache.jmeter.util.JMeterUtils.runSafe(JMeterUtils.java:1296)
	at org.apache.jmeter.visualizers.StatVisualizer.add(StatVisualizer.java:169)
	at org.apache.jmeter.reporters.ResultCollector.sendToVisualizer(ResultCollector.java:553)
	at org.apache.jmeter.reporters.ResultCollector.sampleOccurred(ResultCollector.java:529)
	at org.apache.jmeter.threads.ListenerNotifier.notifyListeners(ListenerNotifier.java:84)
	at org.apache.jmeter.threads.JMeterThread.notifyListeners(JMeterThread.java:783)
	at org.apache.jmeter.threads.JMeterThread.process_sampler(JMeterThread.java:443)
	at org.apache.jmeter.threads.JMeterThread.run(JMeterThread.java:257)
	at java.lang.Thread.run(Thread.java:695)

2014/04/15 14:04:44 WARN  - jmeter.util.JMeterUtils: Interrupted in thread Thread Group 1-2 java.lang.InterruptedException
	at java.lang.Object.wait(Native Method)
	at java.lang.Object.wait(Object.java:485)
	at java.awt.EventQueue.invokeAndWait(EventQueue.java:1121)
	at java.awt.EventQueue.invokeAndWait(EventQueue.java:1103)
	at javax.swing.SwingUtilities.invokeAndWait(SwingUtilities.java:1326)
	at org.apache.jmeter.util.JMeterUtils.runSafe(JMeterUtils.java:1296)
	at org.apache.jmeter.visualizers.StatVisualizer.add(StatVisualizer.java:169)
	at org.apache.jmeter.reporters.ResultCollector.sendToVisualizer(ResultCollector.java:553)
	at org.apache.jmeter.reporters.ResultCollector.sampleOccurred(ResultCollector.java:529)
	at org.apache.jmeter.threads.ListenerNotifier.notifyListeners(ListenerNotifier.java:84)
	at org.apache.jmeter.threads.JMeterThread.notifyListeners(JMeterThread.java:783)
	at org.apache.jmeter.threads.JMeterThread.process_sampler(JMeterThread.java:443)
	at org.apache.jmeter.threads.JMeterThread.run(JMeterThread.java:257)
	at java.lang.Thread.run(Thread.java:695)

2014/04/15 14:04:44 WARN  - jmeter.util.JMeterUtils: Interrupted in thread Thread Group 1-5 java.lang.InterruptedException
	at java.lang.Object.wait(Native Method)
	at java.lang.Object.wait(Object.java:485)
	at java.awt.EventQueue.invokeAndWait(EventQueue.java:1121)
	at java.awt.EventQueue.invokeAndWait(EventQueue.java:1103)
	at javax.swing.SwingUtilities.invokeAndWait(SwingUtilities.java:1326)
	at org.apache.jmeter.util.JMeterUtils.runSafe(JMeterUtils.java:1296)
	at org.apache.jmeter.visualizers.StatVisualizer.add(StatVisualizer.java:169)
	at org.apache.jmeter.reporters.ResultCollector.sendToVisualizer(ResultCollector.java:553)
	at org.apache.jmeter.reporters.ResultCollector.sampleOccurred(ResultCollector.java:529)
	at org.apache.jmeter.threads.ListenerNotifier.notifyListeners(ListenerNotifier.java:84)
	at org.apache.jmeter.threads.JMeterThread.notifyListeners(JMeterThread.java:783)
	at org.apache.jmeter.threads.JMeterThread.process_sampler(JMeterThread.java:443)
	at org.apache.jmeter.threads.JMeterThread.run(JMeterThread.java:257)
	at java.lang.Thread.run(Thread.java:695)

2014/04/15 14:04:44 INFO  - jmeter.threads.JMeterThread: Thread finished: Thread Group 1-4 
2014/04/15 14:04:44 INFO  - jmeter.threads.JMeterThread: Thread finished: Thread Group 1-1 
2014/04/15 14:04:44 INFO  - jmeter.threads.JMeterThread: Thread finished: Thread Group 1-2 
2014/04/15 14:04:44 INFO  - jmeter.threads.JMeterThread: Thread finished: Thread Group 1-5 
2014/04/15 14:04:44 INFO  - jmeter.threads.JMeterThread: Thread finished: Thread Group 1-3 
2014/04/15 14:04:44 INFO  - jmeter.engine.StandardJMeterEngine: Notifying test listeners of end of test 
2014/04/15 14:04:44 INFO  - jmeter.reporters.Summariser: Generate Summary Results +    825 in   105s =    7.8/s Avg:   633 Min:    43 Max:  2304 Err:     9 (1.09%) Active: 0 Started: 5 Finished: 5 
2014/04/15 14:04:44 INFO  - jmeter.reporters.Summariser: Generate Summary Results =   2769 in   451s =    6.1/s Avg:   812 Min:    43 Max:  3308 Err:    10 (0.36%) 
2014/04/15 14:04:44 INFO  - jmeter.gui.util.JMeterMenuBar: setRunning(false,*local*) 
2014/04/15 14:05:29 INFO  - jmeter.engine.StandardJMeterEngine: Running the test! 
2014/04/15 14:05:29 INFO  - jmeter.samplers.SampleEvent: List of sample_variables: [] 
2014/04/15 14:05:29 INFO  - jmeter.gui.util.JMeterMenuBar: setRunning(true,*local*) 
2014/04/15 14:05:29 INFO  - jmeter.engine.StandardJMeterEngine: Starting ThreadGroup: 1 : Thread Group 
2014/04/15 14:05:29 INFO  - jmeter.engine.StandardJMeterEngine: Starting 5 threads for group Thread Group. 
2014/04/15 14:05:29 INFO  - jmeter.engine.StandardJMeterEngine: Thread will continue on error 
2014/04/15 14:05:29 INFO  - jmeter.threads.ThreadGroup: Starting thread group number 1 threads 5 ramp-up 1 perThread 200.0 delayedStart=false 
2014/04/15 14:05:29 INFO  - jmeter.threads.JMeterThread: Thread started: Thread Group 1-1 
2014/04/15 14:05:29 INFO  - jmeter.threads.ThreadGroup: Started thread group number 1 
2014/04/15 14:05:29 INFO  - jmeter.engine.StandardJMeterEngine: All thread groups have been started 
2014/04/15 14:05:29 INFO  - jmeter.threads.JMeterThread: Thread started: Thread Group 1-2 
2014/04/15 14:05:29 INFO  - jmeter.threads.JMeterThread: Thread started: Thread Group 1-3 
2014/04/15 14:05:30 INFO  - jmeter.threads.JMeterThread: Thread started: Thread Group 1-4 
2014/04/15 14:05:30 INFO  - jmeter.threads.JMeterThread: Thread started: Thread Group 1-5 
2014/04/15 14:05:40 INFO  - jmeter.gui.action.Start: Stopping test 
2014/04/15 14:05:40 INFO  - jmeter.threads.JMeterThread: Stopping: Thread Group 1-4 
2014/04/15 14:05:40 WARN  - jmeter.threads.JMeterThread: Interrupting: Thread Group 1-4 sampler: HTTP Request 
2014/04/15 14:05:40 INFO  - jmeter.threads.JMeterThread: Stopping: Thread Group 1-1 
2014/04/15 14:05:40 WARN  - jmeter.threads.JMeterThread: Interrupting: Thread Group 1-1 sampler: HTTP Request 
2014/04/15 14:05:40 INFO  - jmeter.threads.JMeterThread: Stopping: Thread Group 1-5 
2014/04/15 14:05:40 WARN  - jmeter.threads.JMeterThread: Interrupting: Thread Group 1-5 sampler: HTTP Request 
2014/04/15 14:05:40 WARN  - jmeter.util.JMeterUtils: Interrupted in thread Thread Group 1-4 java.lang.InterruptedException
	at java.lang.Object.wait(Native Method)
	at java.lang.Object.wait(Object.java:485)
	at java.awt.EventQueue.invokeAndWait(EventQueue.java:1121)
	at java.awt.EventQueue.invokeAndWait(EventQueue.java:1103)
	at javax.swing.SwingUtilities.invokeAndWait(SwingUtilities.java:1326)
	at org.apache.jmeter.util.JMeterUtils.runSafe(JMeterUtils.java:1296)
	at org.apache.jmeter.visualizers.StatVisualizer.add(StatVisualizer.java:169)
	at org.apache.jmeter.reporters.ResultCollector.sendToVisualizer(ResultCollector.java:553)
	at org.apache.jmeter.reporters.ResultCollector.sampleOccurred(ResultCollector.java:529)
	at org.apache.jmeter.threads.ListenerNotifier.notifyListeners(ListenerNotifier.java:84)
	at org.apache.jmeter.threads.JMeterThread.notifyListeners(JMeterThread.java:783)
	at org.apache.jmeter.threads.JMeterThread.process_sampler(JMeterThread.java:443)
	at org.apache.jmeter.threads.JMeterThread.run(JMeterThread.java:257)
	at java.lang.Thread.run(Thread.java:695)

2014/04/15 14:05:40 INFO  - jmeter.threads.JMeterThread: Stopping: Thread Group 1-2 
2014/04/15 14:05:40 INFO  - jmeter.threads.JMeterThread: Stopping: Thread Group 1-3 
2014/04/15 14:05:40 WARN  - jmeter.util.JMeterUtils: Interrupted in thread Thread Group 1-2 java.lang.InterruptedException
	at java.lang.Object.wait(Native Method)
	at java.lang.Object.wait(Object.java:485)
	at java.awt.EventQueue.invokeAndWait(EventQueue.java:1121)
	at java.awt.EventQueue.invokeAndWait(EventQueue.java:1103)
	at javax.swing.SwingUtilities.invokeAndWait(SwingUtilities.java:1326)
	at org.apache.jmeter.util.JMeterUtils.runSafe(JMeterUtils.java:1296)
	at org.apache.jmeter.visualizers.StatVisualizer.add(StatVisualizer.java:169)
	at org.apache.jmeter.reporters.ResultCollector.sendToVisualizer(ResultCollector.java:553)
	at org.apache.jmeter.reporters.ResultCollector.sampleOccurred(ResultCollector.java:529)
	at org.apache.jmeter.threads.ListenerNotifier.notifyListeners(ListenerNotifier.java:84)
	at org.apache.jmeter.threads.JMeterThread.notifyListeners(JMeterThread.java:783)
	at org.apache.jmeter.threads.JMeterThread.process_sampler(JMeterThread.java:443)
	at org.apache.jmeter.threads.JMeterThread.run(JMeterThread.java:257)
	at java.lang.Thread.run(Thread.java:695)

2014/04/15 14:05:40 WARN  - jmeter.util.JMeterUtils: Interrupted in thread Thread Group 1-1 java.lang.InterruptedException
	at java.lang.Object.wait(Native Method)
	at java.lang.Object.wait(Object.java:485)
	at java.awt.EventQueue.invokeAndWait(EventQueue.java:1121)
	at java.awt.EventQueue.invokeAndWait(EventQueue.java:1103)
	at javax.swing.SwingUtilities.invokeAndWait(SwingUtilities.java:1326)
	at org.apache.jmeter.util.JMeterUtils.runSafe(JMeterUtils.java:1296)
	at org.apache.jmeter.visualizers.StatVisualizer.add(StatVisualizer.java:169)
	at org.apache.jmeter.reporters.ResultCollector.sendToVisualizer(ResultCollector.java:553)
	at org.apache.jmeter.reporters.ResultCollector.sampleOccurred(ResultCollector.java:529)
	at org.apache.jmeter.threads.ListenerNotifier.notifyListeners(ListenerNotifier.java:84)
	at org.apache.jmeter.threads.JMeterThread.notifyListeners(JMeterThread.java:783)
	at org.apache.jmeter.threads.JMeterThread.process_sampler(JMeterThread.java:443)
	at org.apache.jmeter.threads.JMeterThread.run(JMeterThread.java:257)
	at java.lang.Thread.run(Thread.java:695)

2014/04/15 14:05:40 WARN  - jmeter.threads.JMeterThread: Interrupting: Thread Group 1-3 sampler: HTTP Request 
2014/04/15 14:05:40 WARN  - jmeter.util.JMeterUtils: Interrupted in thread Thread Group 1-5 java.lang.InterruptedException
	at java.lang.Object.wait(Native Method)
	at java.lang.Object.wait(Object.java:485)
	at java.awt.EventQueue.invokeAndWait(EventQueue.java:1121)
	at java.awt.EventQueue.invokeAndWait(EventQueue.java:1103)
	at javax.swing.SwingUtilities.invokeAndWait(SwingUtilities.java:1326)
	at org.apache.jmeter.util.JMeterUtils.runSafe(JMeterUtils.java:1296)
	at org.apache.jmeter.visualizers.StatVisualizer.add(StatVisualizer.java:169)
	at org.apache.jmeter.reporters.ResultCollector.sendToVisualizer(ResultCollector.java:553)
	at org.apache.jmeter.reporters.ResultCollector.sampleOccurred(ResultCollector.java:529)
	at org.apache.jmeter.threads.ListenerNotifier.notifyListeners(ListenerNotifier.java:84)
	at org.apache.jmeter.threads.JMeterThread.notifyListeners(JMeterThread.java:783)
	at org.apache.jmeter.threads.JMeterThread.process_sampler(JMeterThread.java:443)
	at org.apache.jmeter.threads.JMeterThread.run(JMeterThread.java:257)
	at java.lang.Thread.run(Thread.java:695)

2014/04/15 14:05:40 WARN  - jmeter.util.JMeterUtils: Interrupted in thread Thread Group 1-3 java.lang.InterruptedException
	at java.lang.Object.wait(Native Method)
	at java.lang.Object.wait(Object.java:485)
	at java.awt.EventQueue.invokeAndWait(EventQueue.java:1121)
	at java.awt.EventQueue.invokeAndWait(EventQueue.java:1103)
	at javax.swing.SwingUtilities.invokeAndWait(SwingUtilities.java:1326)
	at org.apache.jmeter.util.JMeterUtils.runSafe(JMeterUtils.java:1296)
	at org.apache.jmeter.visualizers.StatVisualizer.add(StatVisualizer.java:169)
	at org.apache.jmeter.reporters.ResultCollector.sendToVisualizer(ResultCollector.java:553)
	at org.apache.jmeter.reporters.ResultCollector.sampleOccurred(ResultCollector.java:529)
	at org.apache.jmeter.threads.ListenerNotifier.notifyListeners(ListenerNotifier.java:84)
	at org.apache.jmeter.threads.JMeterThread.notifyListeners(JMeterThread.java:783)
	at org.apache.jmeter.threads.JMeterThread.process_sampler(JMeterThread.java:443)
	at org.apache.jmeter.threads.JMeterThread.run(JMeterThread.java:257)
	at java.lang.Thread.run(Thread.java:695)

2014/04/15 14:05:40 INFO  - jmeter.threads.JMeterThread: Thread finished: Thread Group 1-4 
2014/04/15 14:05:40 INFO  - jmeter.threads.JMeterThread: Thread finished: Thread Group 1-1 
2014/04/15 14:05:40 INFO  - jmeter.threads.JMeterThread: Thread finished: Thread Group 1-5 
2014/04/15 14:05:40 INFO  - jmeter.threads.JMeterThread: Thread finished: Thread Group 1-2 
2014/04/15 14:05:40 INFO  - jmeter.threads.JMeterThread: Thread finished: Thread Group 1-3 
2014/04/15 14:05:40 INFO  - jmeter.engine.StandardJMeterEngine: Notifying test listeners of end of test 
2014/04/15 14:05:40 INFO  - jmeter.reporters.Summariser: Generate Summary Results =    145 in    11s =   13.2/s Avg:   363 Min:   117 Max:  2008 Err:     5 (3.45%) 
2014/04/15 14:05:40 INFO  - jmeter.gui.util.JMeterMenuBar: setRunning(false,*local*) 
2014/04/15 14:05:43 INFO  - jmeter.engine.StandardJMeterEngine: Running the test! 
2014/04/15 14:05:43 INFO  - jmeter.samplers.SampleEvent: List of sample_variables: [] 
2014/04/15 14:05:43 INFO  - jmeter.gui.util.JMeterMenuBar: setRunning(true,*local*) 
2014/04/15 14:05:43 INFO  - jmeter.engine.StandardJMeterEngine: Starting ThreadGroup: 1 : Thread Group 
2014/04/15 14:05:43 INFO  - jmeter.engine.StandardJMeterEngine: Starting 5 threads for group Thread Group. 
2014/04/15 14:05:43 INFO  - jmeter.engine.StandardJMeterEngine: Thread will continue on error 
2014/04/15 14:05:43 INFO  - jmeter.threads.ThreadGroup: Starting thread group number 1 threads 5 ramp-up 1 perThread 200.0 delayedStart=false 
2014/04/15 14:05:43 INFO  - jmeter.threads.JMeterThread: Thread started: Thread Group 1-1 
2014/04/15 14:05:43 INFO  - jmeter.threads.ThreadGroup: Started thread group number 1 
2014/04/15 14:05:43 INFO  - jmeter.engine.StandardJMeterEngine: All thread groups have been started 
2014/04/15 14:05:43 INFO  - jmeter.threads.JMeterThread: Thread started: Thread Group 1-2 
2014/04/15 14:05:43 INFO  - jmeter.threads.JMeterThread: Thread started: Thread Group 1-3 
2014/04/15 14:05:43 INFO  - jmeter.threads.JMeterThread: Thread started: Thread Group 1-4 
2014/04/15 14:05:44 INFO  - jmeter.threads.JMeterThread: Thread started: Thread Group 1-5 
2014/04/15 14:06:00 INFO  - jmeter.reporters.Summariser: Generate Summary Results +    205 in    17s =   12.2/s Avg:   389 Min:   142 Max:  1562 Err:     0 (0.00%) Active: 5 Started: 5 Finished: 0 
2014/04/15 14:09:00 INFO  - jmeter.reporters.Summariser: Generate Summary Results +   1266 in   181s =    7.0/s Avg:   708 Min:   131 Max:  2279 Err:     0 (0.00%) Active: 5 Started: 5 Finished: 0 
2014/04/15 14:09:00 INFO  - jmeter.reporters.Summariser: Generate Summary Results =   1471 in   197s =    7.5/s Avg:   664 Min:   131 Max:  2279 Err:     0 (0.00%) 
2014/04/15 14:10:40 INFO  - jmeter.gui.action.Start: Stopping test 
2014/04/15 14:10:40 INFO  - jmeter.threads.JMeterThread: Stopping: Thread Group 1-4 
2014/04/15 14:10:40 WARN  - jmeter.threads.JMeterThread: Interrupting: Thread Group 1-4 sampler: HTTP Request 
2014/04/15 14:10:40 INFO  - jmeter.threads.JMeterThread: Stopping: Thread Group 1-5 
2014/04/15 14:10:40 WARN  - jmeter.threads.JMeterThread: Interrupting: Thread Group 1-5 sampler: HTTP Request 
2014/04/15 14:10:40 INFO  - jmeter.threads.JMeterThread: Stopping: Thread Group 1-3 
2014/04/15 14:10:40 WARN  - jmeter.threads.JMeterThread: Interrupting: Thread Group 1-3 sampler: HTTP Request 
2014/04/15 14:10:40 WARN  - jmeter.util.JMeterUtils: Interrupted in thread Thread Group 1-4 java.lang.InterruptedException
	at java.lang.Object.wait(Native Method)
	at java.lang.Object.wait(Object.java:485)
	at java.awt.EventQueue.invokeAndWait(EventQueue.java:1121)
	at java.awt.EventQueue.invokeAndWait(EventQueue.java:1103)
	at javax.swing.SwingUtilities.invokeAndWait(SwingUtilities.java:1326)
	at org.apache.jmeter.util.JMeterUtils.runSafe(JMeterUtils.java:1296)
	at org.apache.jmeter.visualizers.StatVisualizer.add(StatVisualizer.java:169)
	at org.apache.jmeter.reporters.ResultCollector.sendToVisualizer(ResultCollector.java:553)
	at org.apache.jmeter.reporters.ResultCollector.sampleOccurred(ResultCollector.java:529)
	at org.apache.jmeter.threads.ListenerNotifier.notifyListeners(ListenerNotifier.java:84)
	at org.apache.jmeter.threads.JMeterThread.notifyListeners(JMeterThread.java:783)
	at org.apache.jmeter.threads.JMeterThread.process_sampler(JMeterThread.java:443)
	at org.apache.jmeter.threads.JMeterThread.run(JMeterThread.java:257)
	at java.lang.Thread.run(Thread.java:695)

2014/04/15 14:10:40 INFO  - jmeter.threads.JMeterThread: Stopping: Thread Group 1-2 
2014/04/15 14:10:40 WARN  - jmeter.threads.JMeterThread: Interrupting: Thread Group 1-2 sampler: HTTP Request 
2014/04/15 14:10:40 WARN  - jmeter.util.JMeterUtils: Interrupted in thread Thread Group 1-5 java.lang.InterruptedException
	at java.lang.Object.wait(Native Method)
	at java.lang.Object.wait(Object.java:485)
	at java.awt.EventQueue.invokeAndWait(EventQueue.java:1121)
	at java.awt.EventQueue.invokeAndWait(EventQueue.java:1103)
	at javax.swing.SwingUtilities.invokeAndWait(SwingUtilities.java:1326)
	at org.apache.jmeter.util.JMeterUtils.runSafe(JMeterUtils.java:1296)
	at org.apache.jmeter.visualizers.StatVisualizer.add(StatVisualizer.java:169)
	at org.apache.jmeter.reporters.ResultCollector.sendToVisualizer(ResultCollector.java:553)
	at org.apache.jmeter.reporters.ResultCollector.sampleOccurred(ResultCollector.java:529)
	at org.apache.jmeter.threads.ListenerNotifier.notifyListeners(ListenerNotifier.java:84)
	at org.apache.jmeter.threads.JMeterThread.notifyListeners(JMeterThread.java:783)
	at org.apache.jmeter.threads.JMeterThread.process_sampler(JMeterThread.java:443)
	at org.apache.jmeter.threads.JMeterThread.run(JMeterThread.java:257)
	at java.lang.Thread.run(Thread.java:695)

2014/04/15 14:10:40 INFO  - jmeter.threads.JMeterThread: Stopping: Thread Group 1-1 
2014/04/15 14:10:40 WARN  - jmeter.threads.JMeterThread: Interrupting: Thread Group 1-1 sampler: HTTP Request 
2014/04/15 14:10:40 WARN  - jmeter.util.JMeterUtils: Interrupted in thread Thread Group 1-3 java.lang.InterruptedException
	at java.lang.Object.wait(Native Method)
	at java.lang.Object.wait(Object.java:485)
	at java.awt.EventQueue.invokeAndWait(EventQueue.java:1121)
	at java.awt.EventQueue.invokeAndWait(EventQueue.java:1103)
	at javax.swing.SwingUtilities.invokeAndWait(SwingUtilities.java:1326)
	at org.apache.jmeter.util.JMeterUtils.runSafe(JMeterUtils.java:1296)
	at org.apache.jmeter.visualizers.StatVisualizer.add(StatVisualizer.java:169)
	at org.apache.jmeter.reporters.ResultCollector.sendToVisualizer(ResultCollector.java:553)
	at org.apache.jmeter.reporters.ResultCollector.sampleOccurred(ResultCollector.java:529)
	at org.apache.jmeter.threads.ListenerNotifier.notifyListeners(ListenerNotifier.java:84)
	at org.apache.jmeter.threads.JMeterThread.notifyListeners(JMeterThread.java:783)
	at org.apache.jmeter.threads.JMeterThread.process_sampler(JMeterThread.java:443)
	at org.apache.jmeter.threads.JMeterThread.run(JMeterThread.java:257)
	at java.lang.Thread.run(Thread.java:695)

2014/04/15 14:10:40 WARN  - jmeter.util.JMeterUtils: Interrupted in thread Thread Group 1-2 java.lang.InterruptedException
	at java.lang.Object.wait(Native Method)
	at java.lang.Object.wait(Object.java:485)
	at java.awt.EventQueue.invokeAndWait(EventQueue.java:1121)
	at java.awt.EventQueue.invokeAndWait(EventQueue.java:1103)
	at javax.swing.SwingUtilities.invokeAndWait(SwingUtilities.java:1326)
	at org.apache.jmeter.util.JMeterUtils.runSafe(JMeterUtils.java:1296)
	at org.apache.jmeter.visualizers.StatVisualizer.add(StatVisualizer.java:169)
	at org.apache.jmeter.reporters.ResultCollector.sendToVisualizer(ResultCollector.java:553)
	at org.apache.jmeter.reporters.ResultCollector.sampleOccurred(ResultCollector.java:529)
	at org.apache.jmeter.threads.ListenerNotifier.notifyListeners(ListenerNotifier.java:84)
	at org.apache.jmeter.threads.JMeterThread.notifyListeners(JMeterThread.java:783)
	at org.apache.jmeter.threads.JMeterThread.process_sampler(JMeterThread.java:443)
	at org.apache.jmeter.threads.JMeterThread.run(JMeterThread.java:257)
	at java.lang.Thread.run(Thread.java:695)

2014/04/15 14:10:40 WARN  - jmeter.util.JMeterUtils: Interrupted in thread Thread Group 1-1 java.lang.InterruptedException
	at java.lang.Object.wait(Native Method)
	at java.lang.Object.wait(Object.java:485)
	at java.awt.EventQueue.invokeAndWait(EventQueue.java:1121)
	at java.awt.EventQueue.invokeAndWait(EventQueue.java:1103)
	at javax.swing.SwingUtilities.invokeAndWait(SwingUtilities.java:1326)
	at org.apache.jmeter.util.JMeterUtils.runSafe(JMeterUtils.java:1296)
	at org.apache.jmeter.visualizers.StatVisualizer.add(StatVisualizer.java:169)
	at org.apache.jmeter.reporters.ResultCollector.sendToVisualizer(ResultCollector.java:553)
	at org.apache.jmeter.reporters.ResultCollector.sampleOccurred(ResultCollector.java:529)
	at org.apache.jmeter.threads.ListenerNotifier.notifyListeners(ListenerNotifier.java:84)
	at org.apache.jmeter.threads.JMeterThread.notifyListeners(JMeterThread.java:783)
	at org.apache.jmeter.threads.JMeterThread.process_sampler(JMeterThread.java:443)
	at org.apache.jmeter.threads.JMeterThread.run(JMeterThread.java:257)
	at java.lang.Thread.run(Thread.java:695)

2014/04/15 14:10:40 INFO  - jmeter.threads.JMeterThread: Thread finished: Thread Group 1-4 
2014/04/15 14:10:40 INFO  - jmeter.threads.JMeterThread: Thread finished: Thread Group 1-5 
2014/04/15 14:10:40 INFO  - jmeter.threads.JMeterThread: Thread finished: Thread Group 1-3 
2014/04/15 14:10:40 INFO  - jmeter.threads.JMeterThread: Thread finished: Thread Group 1-2 
2014/04/15 14:10:40 INFO  - jmeter.threads.JMeterThread: Thread finished: Thread Group 1-1 
2014/04/15 14:10:40 INFO  - jmeter.engine.StandardJMeterEngine: Notifying test listeners of end of test 
2014/04/15 14:10:40 INFO  - jmeter.reporters.Summariser: Generate Summary Results +    886 in 100.5s =    8.8/s Avg:   563 Min:    43 Max:  1601 Err:     5 (0.56%) Active: 0 Started: 5 Finished: 5 
2014/04/15 14:10:40 INFO  - jmeter.reporters.Summariser: Generate Summary Results =   2357 in   297s =    7.9/s Avg:   626 Min:    43 Max:  2279 Err:     5 (0.21%) 
2014/04/15 14:10:40 INFO  - jmeter.gui.util.JMeterMenuBar: setRunning(false,*local*) 
2014/04/15 14:10:44 INFO  - jmeter.engine.StandardJMeterEngine: Running the test! 
2014/04/15 14:10:44 INFO  - jmeter.samplers.SampleEvent: List of sample_variables: [] 
2014/04/15 14:10:44 INFO  - jmeter.gui.util.JMeterMenuBar: setRunning(true,*local*) 
2014/04/15 14:10:45 INFO  - jmeter.engine.StandardJMeterEngine: Starting ThreadGroup: 1 : Thread Group 
2014/04/15 14:10:45 INFO  - jmeter.engine.StandardJMeterEngine: Starting 5 threads for group Thread Group. 
2014/04/15 14:10:45 INFO  - jmeter.engine.StandardJMeterEngine: Thread will continue on error 
2014/04/15 14:10:45 INFO  - jmeter.threads.ThreadGroup: Starting thread group number 1 threads 5 ramp-up 1 perThread 200.0 delayedStart=false 
2014/04/15 14:10:45 INFO  - jmeter.threads.JMeterThread: Thread started: Thread Group 1-1 
2014/04/15 14:10:45 INFO  - jmeter.threads.ThreadGroup: Started thread group number 1 
2014/04/15 14:10:45 INFO  - jmeter.engine.StandardJMeterEngine: All thread groups have been started 
2014/04/15 14:10:45 INFO  - jmeter.threads.JMeterThread: Thread started: Thread Group 1-2 
2014/04/15 14:10:45 INFO  - jmeter.threads.JMeterThread: Thread started: Thread Group 1-3 
2014/04/15 14:10:45 INFO  - jmeter.threads.JMeterThread: Thread started: Thread Group 1-4 
2014/04/15 14:10:45 INFO  - jmeter.threads.JMeterThread: Thread started: Thread Group 1-5 
2014/04/15 14:11:48 INFO  - jmeter.gui.action.Start: Stopping test 
2014/04/15 14:11:48 INFO  - jmeter.threads.JMeterThread: Stopping: Thread Group 1-4 
2014/04/15 14:11:48 WARN  - jmeter.threads.JMeterThread: Interrupting: Thread Group 1-4 sampler: HTTP Request 
2014/04/15 14:11:48 INFO  - jmeter.threads.JMeterThread: Stopping: Thread Group 1-3 
2014/04/15 14:11:48 WARN  - jmeter.threads.JMeterThread: Interrupting: Thread Group 1-3 sampler: HTTP Request 
2014/04/15 14:11:48 INFO  - jmeter.threads.JMeterThread: Stopping: Thread Group 1-2 
2014/04/15 14:11:48 WARN  - jmeter.threads.JMeterThread: Interrupting: Thread Group 1-2 sampler: HTTP Request 
2014/04/15 14:11:48 INFO  - jmeter.threads.JMeterThread: Stopping: Thread Group 1-5 
2014/04/15 14:11:48 WARN  - jmeter.threads.JMeterThread: Interrupting: Thread Group 1-5 sampler: HTTP Request 
2014/04/15 14:11:48 INFO  - jmeter.threads.JMeterThread: Stopping: Thread Group 1-1 
2014/04/15 14:11:48 WARN  - jmeter.threads.JMeterThread: Interrupting: Thread Group 1-1 sampler: HTTP Request 
2014/04/15 14:11:48 WARN  - jmeter.util.JMeterUtils: Interrupted in thread Thread Group 1-4 java.lang.InterruptedException
	at java.lang.Object.wait(Native Method)
	at java.lang.Object.wait(Object.java:485)
	at java.awt.EventQueue.invokeAndWait(EventQueue.java:1121)
	at java.awt.EventQueue.invokeAndWait(EventQueue.java:1103)
	at javax.swing.SwingUtilities.invokeAndWait(SwingUtilities.java:1326)
	at org.apache.jmeter.util.JMeterUtils.runSafe(JMeterUtils.java:1296)
	at org.apache.jmeter.visualizers.StatVisualizer.add(StatVisualizer.java:169)
	at org.apache.jmeter.reporters.ResultCollector.sendToVisualizer(ResultCollector.java:553)
	at org.apache.jmeter.reporters.ResultCollector.sampleOccurred(ResultCollector.java:529)
	at org.apache.jmeter.threads.ListenerNotifier.notifyListeners(ListenerNotifier.java:84)
	at org.apache.jmeter.threads.JMeterThread.notifyListeners(JMeterThread.java:783)
	at org.apache.jmeter.threads.JMeterThread.process_sampler(JMeterThread.java:443)
	at org.apache.jmeter.threads.JMeterThread.run(JMeterThread.java:257)
	at java.lang.Thread.run(Thread.java:695)

2014/04/15 14:11:48 WARN  - jmeter.util.JMeterUtils: Interrupted in thread Thread Group 1-5 java.lang.InterruptedException
	at java.lang.Object.wait(Native Method)
	at java.lang.Object.wait(Object.java:485)
	at java.awt.EventQueue.invokeAndWait(EventQueue.java:1121)
	at java.awt.EventQueue.invokeAndWait(EventQueue.java:1103)
	at javax.swing.SwingUtilities.invokeAndWait(SwingUtilities.java:1326)
	at org.apache.jmeter.util.JMeterUtils.runSafe(JMeterUtils.java:1296)
	at org.apache.jmeter.visualizers.StatVisualizer.add(StatVisualizer.java:169)
	at org.apache.jmeter.reporters.ResultCollector.sendToVisualizer(ResultCollector.java:553)
	at org.apache.jmeter.reporters.ResultCollector.sampleOccurred(ResultCollector.java:529)
	at org.apache.jmeter.threads.ListenerNotifier.notifyListeners(ListenerNotifier.java:84)
	at org.apache.jmeter.threads.JMeterThread.notifyListeners(JMeterThread.java:783)
	at org.apache.jmeter.threads.JMeterThread.process_sampler(JMeterThread.java:443)
	at org.apache.jmeter.threads.JMeterThread.run(JMeterThread.java:257)
	at java.lang.Thread.run(Thread.java:695)

2014/04/15 14:11:48 WARN  - jmeter.util.JMeterUtils: Interrupted in thread Thread Group 1-3 java.lang.InterruptedException
	at java.lang.Object.wait(Native Method)
	at java.lang.Object.wait(Object.java:485)
	at java.awt.EventQueue.invokeAndWait(EventQueue.java:1121)
	at java.awt.EventQueue.invokeAndWait(EventQueue.java:1103)
	at javax.swing.SwingUtilities.invokeAndWait(SwingUtilities.java:1326)
	at org.apache.jmeter.util.JMeterUtils.runSafe(JMeterUtils.java:1296)
	at org.apache.jmeter.visualizers.StatVisualizer.add(StatVisualizer.java:169)
	at org.apache.jmeter.reporters.ResultCollector.sendToVisualizer(ResultCollector.java:553)
	at org.apache.jmeter.reporters.ResultCollector.sampleOccurred(ResultCollector.java:529)
	at org.apache.jmeter.threads.ListenerNotifier.notifyListeners(ListenerNotifier.java:84)
	at org.apache.jmeter.threads.JMeterThread.notifyListeners(JMeterThread.java:783)
	at org.apache.jmeter.threads.JMeterThread.process_sampler(JMeterThread.java:443)
	at org.apache.jmeter.threads.JMeterThread.run(JMeterThread.java:257)
	at java.lang.Thread.run(Thread.java:695)

2014/04/15 14:11:48 WARN  - jmeter.util.JMeterUtils: Interrupted in thread Thread Group 1-1 java.lang.InterruptedException
	at java.lang.Object.wait(Native Method)
	at java.lang.Object.wait(Object.java:485)
	at java.awt.EventQueue.invokeAndWait(EventQueue.java:1121)
	at java.awt.EventQueue.invokeAndWait(EventQueue.java:1103)
	at javax.swing.SwingUtilities.invokeAndWait(SwingUtilities.java:1326)
	at org.apache.jmeter.util.JMeterUtils.runSafe(JMeterUtils.java:1296)
	at org.apache.jmeter.visualizers.StatVisualizer.add(StatVisualizer.java:169)
	at org.apache.jmeter.reporters.ResultCollector.sendToVisualizer(ResultCollector.java:553)
	at org.apache.jmeter.reporters.ResultCollector.sampleOccurred(ResultCollector.java:529)
	at org.apache.jmeter.threads.ListenerNotifier.notifyListeners(ListenerNotifier.java:84)
	at org.apache.jmeter.threads.JMeterThread.notifyListeners(JMeterThread.java:783)
	at org.apache.jmeter.threads.JMeterThread.process_sampler(JMeterThread.java:443)
	at org.apache.jmeter.threads.JMeterThread.run(JMeterThread.java:257)
	at java.lang.Thread.run(Thread.java:695)

2014/04/15 14:11:48 WARN  - jmeter.util.JMeterUtils: Interrupted in thread Thread Group 1-2 java.lang.InterruptedException
	at java.lang.Object.wait(Native Method)
	at java.lang.Object.wait(Object.java:485)
	at java.awt.EventQueue.invokeAndWait(EventQueue.java:1121)
	at java.awt.EventQueue.invokeAndWait(EventQueue.java:1103)
	at javax.swing.SwingUtilities.invokeAndWait(SwingUtilities.java:1326)
	at org.apache.jmeter.util.JMeterUtils.runSafe(JMeterUtils.java:1296)
	at org.apache.jmeter.visualizers.StatVisualizer.add(StatVisualizer.java:169)
	at org.apache.jmeter.reporters.ResultCollector.sendToVisualizer(ResultCollector.java:553)
	at org.apache.jmeter.reporters.ResultCollector.sampleOccurred(ResultCollector.java:529)
	at org.apache.jmeter.threads.ListenerNotifier.notifyListeners(ListenerNotifier.java:84)
	at org.apache.jmeter.threads.JMeterThread.notifyListeners(JMeterThread.java:783)
	at org.apache.jmeter.threads.JMeterThread.process_sampler(JMeterThread.java:443)
	at org.apache.jmeter.threads.JMeterThread.run(JMeterThread.java:257)
	at java.lang.Thread.run(Thread.java:695)

2014/04/15 14:11:48 INFO  - jmeter.threads.JMeterThread: Thread finished: Thread Group 1-4 
2014/04/15 14:11:48 INFO  - jmeter.threads.JMeterThread: Thread finished: Thread Group 1-2 
2014/04/15 14:11:48 INFO  - jmeter.threads.JMeterThread: Thread finished: Thread Group 1-3 
2014/04/15 14:11:48 INFO  - jmeter.threads.JMeterThread: Thread finished: Thread Group 1-5 
2014/04/15 14:11:48 INFO  - jmeter.threads.JMeterThread: Thread finished: Thread Group 1-1 
2014/04/15 14:11:48 INFO  - jmeter.engine.StandardJMeterEngine: Notifying test listeners of end of test 
2014/04/15 14:11:48 INFO  - jmeter.reporters.Summariser: Generate Summary Results =    463 in  63.3s =    7.3/s Avg:   677 Min:    80 Max:  2102 Err:     5 (1.08%) 
2014/04/15 14:11:48 INFO  - jmeter.gui.util.JMeterMenuBar: setRunning(false,*local*) 
2014/04/15 14:11:49 INFO  - jmeter.engine.StandardJMeterEngine: Running the test! 
2014/04/15 14:11:49 INFO  - jmeter.samplers.SampleEvent: List of sample_variables: [] 
2014/04/15 14:11:49 INFO  - jmeter.gui.util.JMeterMenuBar: setRunning(true,*local*) 
2014/04/15 14:11:49 INFO  - jmeter.engine.StandardJMeterEngine: Starting ThreadGroup: 1 : Thread Group 
2014/04/15 14:11:49 INFO  - jmeter.engine.StandardJMeterEngine: Starting 5 threads for group Thread Group. 
2014/04/15 14:11:49 INFO  - jmeter.engine.StandardJMeterEngine: Thread will continue on error 
2014/04/15 14:11:49 INFO  - jmeter.threads.ThreadGroup: Starting thread group number 1 threads 5 ramp-up 1 perThread 200.0 delayedStart=false 
2014/04/15 14:11:49 INFO  - jmeter.threads.JMeterThread: Thread started: Thread Group 1-1 
2014/04/15 14:11:49 INFO  - jmeter.threads.ThreadGroup: Started thread group number 1 
2014/04/15 14:11:49 INFO  - jmeter.engine.StandardJMeterEngine: All thread groups have been started 
2014/04/15 14:11:49 INFO  - jmeter.threads.JMeterThread: Thread started: Thread Group 1-2 
2014/04/15 14:11:49 INFO  - jmeter.threads.JMeterThread: Thread started: Thread Group 1-3 
2014/04/15 14:11:49 INFO  - jmeter.threads.JMeterThread: Thread started: Thread Group 1-4 
2014/04/15 14:11:50 INFO  - jmeter.threads.JMeterThread: Thread started: Thread Group 1-5 
2014/04/15 14:12:00 INFO  - jmeter.reporters.Summariser: Generate Summary Results +     76 in    11s =    6.9/s Avg:   666 Min:   234 Max:  1774 Err:     0 (0.00%) Active: 5 Started: 5 Finished: 0 
2014/04/15 14:15:00 INFO  - jmeter.reporters.Summariser: Generate Summary Results +   1329 in   181s =    7.4/s Avg:   674 Min:   228 Max:  2425 Err:     0 (0.00%) Active: 5 Started: 5 Finished: 0 
2014/04/15 14:15:00 INFO  - jmeter.reporters.Summariser: Generate Summary Results =   1405 in   191s =    7.4/s Avg:   674 Min:   228 Max:  2425 Err:     0 (0.00%) 
2014/04/15 14:16:38 ERROR - jmeter.threads.JMeterThread: Test failed! java.lang.OutOfMemoryError: Java heap space
	at java.util.Arrays.copyOf(Arrays.java:2786)
	at java.io.ByteArrayOutputStream.toByteArray(ByteArrayOutputStream.java:133)
	at org.apache.jmeter.protocol.http.sampler.HTTPSamplerBase.readResponse(HTTPSamplerBase.java:1678)
	at org.apache.jmeter.protocol.http.sampler.HTTPAbstractImpl.readResponse(HTTPAbstractImpl.java:290)
	at org.apache.jmeter.protocol.http.sampler.HTTPHC4Impl.sample(HTTPHC4Impl.java:316)
	at org.apache.jmeter.protocol.http.sampler.HTTPSamplerProxy.sample(HTTPSamplerProxy.java:74)
	at org.apache.jmeter.protocol.http.sampler.HTTPSamplerBase.followRedirects(HTTPSamplerBase.java:1411)
	at org.apache.jmeter.protocol.http.sampler.HTTPSamplerBase.resultProcessing(HTTPSamplerBase.java:1482)
	at org.apache.jmeter.protocol.http.sampler.HTTPAbstractImpl.resultProcessing(HTTPAbstractImpl.java:306)
	at org.apache.jmeter.protocol.http.sampler.HTTPHC4Impl.sample(HTTPHC4Impl.java:381)
	at org.apache.jmeter.protocol.http.sampler.HTTPSamplerProxy.sample(HTTPSamplerProxy.java:74)
	at org.apache.jmeter.protocol.http.sampler.HTTPSamplerBase.sample(HTTPSamplerBase.java:1105)
	at org.apache.jmeter.protocol.http.sampler.HTTPSamplerBase.sample(HTTPSamplerBase.java:1094)
	at org.apache.jmeter.threads.JMeterThread.process_sampler(JMeterThread.java:429)
	at org.apache.jmeter.threads.JMeterThread.run(JMeterThread.java:257)
	at java.lang.Thread.run(Thread.java:695)

2014/04/15 14:16:38 INFO  - jmeter.threads.JMeterThread: Thread finished: Thread Group 1-1 
2014/04/15 14:16:38 ERROR - jmeter.threads.JMeterThread: Test failed! java.lang.OutOfMemoryError: Java heap space
	at java.io.ByteArrayOutputStream.<init>(ByteArrayOutputStream.java:60)
	at org.apache.jmeter.protocol.http.sampler.HTTPSamplerBase.readResponse(HTTPSamplerBase.java:1651)
	at org.apache.jmeter.protocol.http.sampler.HTTPAbstractImpl.readResponse(HTTPAbstractImpl.java:290)
	at org.apache.jmeter.protocol.http.sampler.HTTPHC4Impl.sample(HTTPHC4Impl.java:316)
	at org.apache.jmeter.protocol.http.sampler.HTTPSamplerProxy.sample(HTTPSamplerProxy.java:74)
	at org.apache.jmeter.protocol.http.sampler.HTTPSamplerBase.followRedirects(HTTPSamplerBase.java:1411)
	at org.apache.jmeter.protocol.http.sampler.HTTPSamplerBase.resultProcessing(HTTPSamplerBase.java:1482)
	at org.apache.jmeter.protocol.http.sampler.HTTPAbstractImpl.resultProcessing(HTTPAbstractImpl.java:306)
	at org.apache.jmeter.protocol.http.sampler.HTTPHC4Impl.sample(HTTPHC4Impl.java:381)
	at org.apache.jmeter.protocol.http.sampler.HTTPSamplerProxy.sample(HTTPSamplerProxy.java:74)
	at org.apache.jmeter.protocol.http.sampler.HTTPSamplerBase.sample(HTTPSamplerBase.java:1105)
	at org.apache.jmeter.protocol.http.sampler.HTTPSamplerBase.sample(HTTPSamplerBase.java:1094)
	at org.apache.jmeter.threads.JMeterThread.process_sampler(JMeterThread.java:429)
	at org.apache.jmeter.threads.JMeterThread.run(JMeterThread.java:257)
	at java.lang.Thread.run(Thread.java:695)

2014/04/15 14:16:38 INFO  - jmeter.threads.JMeterThread: Thread finished: Thread Group 1-4 
2014/04/15 14:16:40 ERROR - jmeter.threads.JMeterThread: Test failed! java.lang.OutOfMemoryError: Java heap space
	at java.util.Arrays.copyOf(Arrays.java:2786)
	at java.io.ByteArrayOutputStream.toByteArray(ByteArrayOutputStream.java:133)
	at org.apache.jmeter.protocol.http.sampler.HTTPSamplerBase.readResponse(HTTPSamplerBase.java:1678)
	at org.apache.jmeter.protocol.http.sampler.HTTPAbstractImpl.readResponse(HTTPAbstractImpl.java:290)
	at org.apache.jmeter.protocol.http.sampler.HTTPHC4Impl.sample(HTTPHC4Impl.java:316)
	at org.apache.jmeter.protocol.http.sampler.HTTPSamplerProxy.sample(HTTPSamplerProxy.java:74)
	at org.apache.jmeter.protocol.http.sampler.HTTPSamplerBase.followRedirects(HTTPSamplerBase.java:1411)
	at org.apache.jmeter.protocol.http.sampler.HTTPSamplerBase.resultProcessing(HTTPSamplerBase.java:1482)
	at org.apache.jmeter.protocol.http.sampler.HTTPAbstractImpl.resultProcessing(HTTPAbstractImpl.java:306)
	at org.apache.jmeter.protocol.http.sampler.HTTPHC4Impl.sample(HTTPHC4Impl.java:381)
	at org.apache.jmeter.protocol.http.sampler.HTTPSamplerProxy.sample(HTTPSamplerProxy.java:74)
	at org.apache.jmeter.protocol.http.sampler.HTTPSamplerBase.sample(HTTPSamplerBase.java:1105)
	at org.apache.jmeter.protocol.http.sampler.HTTPSamplerBase.sample(HTTPSamplerBase.java:1094)
	at org.apache.jmeter.threads.JMeterThread.process_sampler(JMeterThread.java:429)
	at org.apache.jmeter.threads.JMeterThread.run(JMeterThread.java:257)
	at java.lang.Thread.run(Thread.java:695)

2014/04/15 14:16:40 ERROR - jmeter.threads.JMeterThread: Test failed! java.lang.OutOfMemoryError: Java heap space
	at java.io.ByteArrayOutputStream.<init>(ByteArrayOutputStream.java:60)
	at org.apache.jmeter.protocol.http.sampler.HTTPSamplerBase.readResponse(HTTPSamplerBase.java:1651)
	at org.apache.jmeter.protocol.http.sampler.HTTPAbstractImpl.readResponse(HTTPAbstractImpl.java:290)
	at org.apache.jmeter.protocol.http.sampler.HTTPHC4Impl.sample(HTTPHC4Impl.java:316)
	at org.apache.jmeter.protocol.http.sampler.HTTPSamplerProxy.sample(HTTPSamplerProxy.java:74)
	at org.apache.jmeter.protocol.http.sampler.HTTPSamplerBase.followRedirects(HTTPSamplerBase.java:1411)
	at org.apache.jmeter.protocol.http.sampler.HTTPSamplerBase.resultProcessing(HTTPSamplerBase.java:1482)
	at org.apache.jmeter.protocol.http.sampler.HTTPAbstractImpl.resultProcessing(HTTPAbstractImpl.java:306)
	at org.apache.jmeter.protocol.http.sampler.HTTPHC4Impl.sample(HTTPHC4Impl.java:381)
	at org.apache.jmeter.protocol.http.sampler.HTTPSamplerProxy.sample(HTTPSamplerProxy.java:74)
	at org.apache.jmeter.protocol.http.sampler.HTTPSamplerBase.sample(HTTPSamplerBase.java:1105)
	at org.apache.jmeter.protocol.http.sampler.HTTPSamplerBase.sample(HTTPSamplerBase.java:1094)
	at org.apache.jmeter.threads.JMeterThread.process_sampler(JMeterThread.java:429)
	at org.apache.jmeter.threads.JMeterThread.run(JMeterThread.java:257)
	at java.lang.Thread.run(Thread.java:695)

2014/04/15 14:16:41 INFO  - jmeter.threads.JMeterThread: Thread finished: Thread Group 1-5 
2014/04/15 14:16:41 INFO  - jmeter.threads.JMeterThread: Thread finished: Thread Group 1-2 
2014/04/15 14:16:43 ERROR - jmeter.threads.JMeterThread: Test failed! java.lang.OutOfMemoryError: Java heap space

2014/04/15 14:16:43 INFO  - jmeter.threads.JMeterThread: Thread finished: Thread Group 1-3 
2014/04/15 14:16:43 INFO  - jmeter.engine.StandardJMeterEngine: Notifying test listeners of end of test 
2014/04/15 14:16:43 INFO  - jmeter.reporters.Summariser: Generate Summary Results +    681 in   103s =    6.6/s Avg:   701 Min:   226 Max:  2107 Err:     0 (0.00%) Active: 0 Started: 5 Finished: 5 
2014/04/15 14:16:43 INFO  - jmeter.reporters.Summariser: Generate Summary Results =   2086 in   293s =    7.1/s Avg:   683 Min:   226 Max:  2425 Err:     0 (0.00%) 
2014/04/15 14:16:43 INFO  - jmeter.gui.util.JMeterMenuBar: setRunning(false,*local*) 
2014/04/15 14:17:05 INFO  - jmeter.engine.StandardJMeterEngine: Running the test! 
2014/04/15 14:17:05 INFO  - jmeter.samplers.SampleEvent: List of sample_variables: [] 
2014/04/15 14:17:06 INFO  - jmeter.gui.util.JMeterMenuBar: setRunning(true,*local*) 
2014/04/15 14:17:06 INFO  - jmeter.engine.StandardJMeterEngine: Starting ThreadGroup: 1 : Thread Group 
2014/04/15 14:17:06 INFO  - jmeter.engine.StandardJMeterEngine: Starting 5 threads for group Thread Group. 
2014/04/15 14:17:06 INFO  - jmeter.engine.StandardJMeterEngine: Thread will continue on error 
2014/04/15 14:17:06 INFO  - jmeter.threads.ThreadGroup: Starting thread group number 1 threads 5 ramp-up 1 perThread 200.0 delayedStart=false 
2014/04/15 14:17:06 INFO  - jmeter.threads.JMeterThread: Thread started: Thread Group 1-1 
2014/04/15 14:17:08 INFO  - jmeter.threads.JMeterThread: Thread started: Thread Group 1-2 
2014/04/15 14:17:08 INFO  - jmeter.threads.JMeterThread: Thread started: Thread Group 1-3 
2014/04/15 14:17:09 INFO  - jmeter.threads.ThreadGroup: Started thread group number 1 
2014/04/15 14:17:09 INFO  - jmeter.engine.StandardJMeterEngine: All thread groups have been started 
2014/04/15 14:17:10 INFO  - jmeter.threads.JMeterThread: Thread started: Thread Group 1-4 
2014/04/15 14:17:10 INFO  - jmeter.threads.JMeterThread: Thread started: Thread Group 1-5 
2014/04/15 14:17:22 ERROR - jmeter.threads.JMeterThread: Test failed! java.lang.OutOfMemoryError: Java heap space

2014/04/15 14:17:22 INFO  - jmeter.threads.JMeterThread: Thread finished: Thread Group 1-4 
2014/04/15 14:17:22 ERROR - jmeter.threads.JMeterThread: Test failed! java.lang.OutOfMemoryError: Java heap space

2014/04/15 14:17:22 INFO  - jmeter.threads.JMeterThread: Thread finished: Thread Group 1-3 
2014/04/15 14:17:23 ERROR - jmeter.threads.JMeterThread: Test failed! java.lang.OutOfMemoryError: Java heap space

2014/04/15 14:17:23 INFO  - jmeter.threads.JMeterThread: Thread finished: Thread Group 1-5 
2014/04/15 14:17:23 ERROR - jmeter.threads.JMeterThread: Test failed! java.lang.OutOfMemoryError: Java heap space

2014/04/15 14:17:23 ERROR - jmeter.threads.JMeterThread: Test failed! java.lang.OutOfMemoryError: Java heap space

2014/04/15 14:17:23 INFO  - jmeter.threads.JMeterThread: Thread finished: Thread Group 1-1 
2014/04/15 14:17:23 INFO  - jmeter.threads.JMeterThread: Thread finished: Thread Group 1-2 
2014/04/15 14:17:23 INFO  - jmeter.engine.StandardJMeterEngine: Notifying test listeners of end of test 
2014/04/15 14:17:23 INFO  - jmeter.reporters.Summariser: Generate Summary Results =      0 in     0s = ******/s Avg:     0 Min:     0 Max:     0 Err:     0 (0.00%) 
2014/04/15 14:17:23 INFO  - jmeter.gui.util.JMeterMenuBar: setRunning(false,*local*) 
